2020-01-31 19:46:30.3005 [DEBUG] Scene Fusion version 1.8.6-0
2020-01-31 19:48:09.3098 [DEBUG] Scene Fusion version 1.8.6-0
2020-01-31 20:20:28.1509 [DEBUG] Scene Fusion version 1.8.6-0
2020-01-31 20:35:41.8961 [DEBUG] Scene Fusion version 1.8.6-0
2020-01-31 20:35:42.0487 [DEBUG] Play mode: True, sync in play mode: True
2020-01-31 20:35:46.3360 [DEBUG] Play mode: False
2020-01-31 20:36:11.9912 [DEBUG] Scene Fusion version 1.8.6-0
2020-01-31 20:36:12.0938 [DEBUG] Play mode: True, sync in play mode: True
2020-01-31 20:36:16.3889 [DEBUG] Play mode: False
2020-01-31 20:38:21.8964 [DEBUG] Scene Fusion version 1.8.6-0
2020-01-31 20:39:08.9712 [DEBUG] Scene Fusion version 1.8.6-0
2020-01-31 20:39:09.1437 [DEBUG] Play mode: True, sync in play mode: True
2020-01-31 20:39:11.1134 [DEBUG] Play mode: False
2020-01-31 20:52:39.4738 [DEBUG] Scene Fusion version 1.8.6-0
2020-01-31 20:52:39.6071 [DEBUG] Play mode: True, sync in play mode: True
2020-01-31 20:52:53.2323 [DEBUG] Play mode: False
2020-01-31 20:52:57.6392 [DEBUG] Scene Fusion version 1.8.6-0
2020-01-31 20:52:57.7655 [DEBUG] Play mode: True, sync in play mode: True
2020-01-31 20:53:09.0413 [DEBUG] Play mode: False
2020-01-31 20:55:22.4345 [DEBUG] Scene Fusion version 1.8.6-0
2020-01-31 20:55:22.5801 [DEBUG] Play mode: True, sync in play mode: True
2020-01-31 20:57:00.8665 [DEBUG] Play mode: False
2020-01-31 20:59:12.7398 [DEBUG] Scene Fusion version 1.8.6-0
2020-01-31 20:59:12.9044 [DEBUG] Play mode: True, sync in play mode: True
2020-01-31 20:59:17.7061 [DEBUG] Play mode: False
2020-01-31 21:05:21.2020 [DEBUG] Scene Fusion version 1.8.6-0
2020-01-31 21:10:51.3991 [DEBUG] Scene Fusion version 1.8.6-0
2020-01-31 21:11:17.3263 [DEBUG] Scene Fusion version 1.8.6-0
2020-01-31 21:11:24.7376 [DEBUG] Scene Fusion version 1.8.6-0
2020-01-31 21:11:49.5333 [DEBUG] Scene Fusion version 1.8.6-0
2020-01-31 21:11:49.6600 [DEBUG] Play mode: True, sync in play mode: True
2020-01-31 21:11:54.6271 [DEBUG] Play mode: False
2020-01-31 21:12:17.0822 [DEBUG] Scene Fusion version 1.8.6-0
2020-01-31 21:12:17.2547 [DEBUG] Play mode: True, sync in play mode: True
2020-01-31 21:12:17.4173 [DEBUG] Play mode: False
2020-01-31 21:12:29.8690 [DEBUG] Scene Fusion version 1.8.6-0
2020-01-31 21:12:42.4687 [DEBUG] Scene Fusion version 1.8.6-0
2020-01-31 21:12:42.6392 [DEBUG] Play mode: True, sync in play mode: True
2020-01-31 21:12:56.0739 [DEBUG] Play mode: False
2020-01-31 21:15:22.3447 [DEBUG] Scene Fusion version 1.8.6-0
2020-01-31 21:15:36.9587 [DEBUG] Scene Fusion version 1.8.6-0
2020-01-31 21:15:47.5872 [DEBUG] Scene Fusion version 1.8.6-0
2020-01-31 21:15:47.7517 [DEBUG] Play mode: True, sync in play mode: True
2020-01-31 21:15:55.6148 [DEBUG] Play mode: False
2020-01-31 21:16:08.8941 [DEBUG] Scene Fusion version 1.8.6-0
2020-01-31 21:16:09.0218 [DEBUG] Play mode: True, sync in play mode: True
2020-01-31 21:16:36.2668 [DEBUG] Play mode: False
2020-01-31 21:19:05.0109 [DEBUG] Scene Fusion version 1.8.6-0
2020-01-31 21:19:24.3552 [DEBUG] Scene Fusion version 1.8.6-0
2020-01-31 21:19:24.4799 [DEBUG] Play mode: True, sync in play mode: True
2020-01-31 21:19:49.5611 [DEBUG] Play mode: False
2020-01-31 21:20:05.6017 [DEBUG] Scene Fusion version 1.8.6-0
2020-01-31 21:20:05.7812 [DEBUG] Play mode: True, sync in play mode: True
2020-01-31 21:20:20.3574 [DEBUG] Play mode: False
2020-01-31 21:21:36.4974 [DEBUG] Scene Fusion version 1.8.6-0
2020-01-31 21:21:36.6956 [DEBUG] Play mode: True, sync in play mode: True
2020-01-31 21:21:44.1603 [DEBUG] Play mode: False
2020-01-31 21:22:53.0307 [DEBUG] Scene Fusion version 1.8.6-0
2020-01-31 21:22:53.2237 [DEBUG] Play mode: True, sync in play mode: True
2020-01-31 21:23:36.4983 [DEBUG] Play mode: False
2020-01-31 21:23:45.3863 [DEBUG] Scene Fusion version 1.8.6-0
2020-01-31 21:23:45.5040 [DEBUG] Play mode: True, sync in play mode: True
2020-01-31 21:24:06.0288 [DEBUG] Play mode: False
2020-01-31 21:25:15.3637 [DEBUG] Scene Fusion version 1.8.6-0
2020-01-31 21:25:15.5013 [DEBUG] Play mode: True, sync in play mode: True
2020-01-31 21:25:26.2526 [DEBUG] Play mode: False
2020-01-31 21:25:48.3365 [DEBUG] Scene Fusion version 1.8.6-0
2020-01-31 21:25:48.5299 [DEBUG] Play mode: True, sync in play mode: True
2020-01-31 21:25:53.0668 [DEBUG] Play mode: False
2020-01-31 21:26:05.0957 [DEBUG] Scene Fusion version 1.8.6-0
2020-01-31 21:26:05.2313 [DEBUG] Play mode: True, sync in play mode: True
2020-01-31 21:26:08.7946 [DEBUG] Play mode: False
2020-01-31 21:26:17.8827 [DEBUG] Scene Fusion version 1.8.6-0
2020-01-31 21:26:18.0672 [DEBUG] Play mode: True, sync in play mode: True
2020-01-31 21:26:30.2925 [DEBUG] Play mode: False
2020-01-31 21:28:13.1773 [DEBUG] Scene Fusion version 1.8.6-0
2020-01-31 21:28:16.8677 [DEBUG] Scene Fusion version 1.8.6-0
2020-01-31 21:28:16.9774 [DEBUG] Play mode: True, sync in play mode: True
2020-01-31 21:28:37.0766 [DEBUG] Play mode: False
2020-01-31 21:34:13.7799 [DEBUG] Scene Fusion version 1.8.6-0
2020-01-31 22:27:37.0842 [DEBUG] Scene Fusion version 1.8.6-0
2020-01-31 22:27:37.2018 [DEBUG] Play mode: True, sync in play mode: True
2020-01-31 22:27:40.4270 [DEBUG] Play mode: False
2020-01-31 22:28:03.4882 [DEBUG] Scene Fusion version 1.8.6-0
2020-01-31 22:28:07.7415 [DEBUG] Scene Fusion version 1.8.6-0
2020-01-31 22:28:07.8522 [DEBUG] Play mode: True, sync in play mode: True
2020-01-31 22:28:40.3199 [DEBUG] Scene Fusion version 1.8.6-0
2020-01-31 22:28:41.3192 [DEBUG] Play mode: False
2020-01-31 22:28:44.8092 [DEBUG] Scene Fusion version 1.8.6-0
2020-01-31 22:28:44.9329 [DEBUG] Play mode: True, sync in play mode: True
2020-01-31 22:29:59.7200 [DEBUG] Play mode: False
2020-01-31 22:30:24.0690 [DEBUG] Scene Fusion version 1.8.6-0
2020-01-31 22:30:24.1857 [DEBUG] Play mode: True, sync in play mode: True
2020-01-31 22:30:56.5536 [DEBUG] Play mode: False
2020-01-31 22:33:01.9668 [DEBUG] Scene Fusion version 1.8.6-0
2020-01-31 22:33:06.3018 [DEBUG] Scene Fusion version 1.8.6-0
2020-01-31 22:33:06.4016 [DEBUG] Play mode: True, sync in play mode: True
2020-01-31 22:35:02.0760 [DEBUG] Scene Fusion version 1.8.6-0
2020-01-31 22:35:02.9736 [DEBUG] Play mode: False
2020-01-31 22:35:05.7681 [DEBUG] Scene Fusion version 1.8.6-0
2020-01-31 22:35:05.8937 [DEBUG] Play mode: True, sync in play mode: True
2020-01-31 22:36:26.1979 [DEBUG] Play mode: False
2020-01-31 22:37:07.9956 [DEBUG] Scene Fusion version 1.8.6-0
2020-01-31 22:37:38.3865 [DEBUG] Scene Fusion version 1.8.6-0
2020-01-31 22:37:38.5561 [DEBUG] Play mode: True, sync in play mode: True
2020-01-31 22:37:42.2736 [DEBUG] Play mode: False
2020-01-31 22:37:50.4592 [DEBUG] Scene Fusion version 1.8.6-0
2020-01-31 22:37:50.6344 [DEBUG] Play mode: True, sync in play mode: True
2020-01-31 22:41:06.6191 [DEBUG] Play mode: False
2020-01-31 22:41:08.4665 [DEBUG] Scene Fusion version 1.8.6-0
2020-01-31 22:41:11.9324 [DEBUG] Scene Fusion version 1.8.6-0
2020-01-31 22:41:12.1100 [DEBUG] Play mode: True, sync in play mode: True
2020-01-31 22:41:27.4153 [DEBUG] Play mode: False
2020-01-31 22:43:29.3628 [DEBUG] Scene Fusion version 1.8.6-0
2020-01-31 22:45:09.2420 [DEBUG] Scene Fusion version 1.8.6-0
2020-01-31 22:45:09.4275 [DEBUG] Play mode: True, sync in play mode: True
2020-01-31 22:45:15.2620 [DEBUG] Play mode: False
2020-01-31 22:45:32.0035 [DEBUG] Scene Fusion version 1.8.6-0
2020-01-31 22:45:32.1242 [DEBUG] Play mode: True, sync in play mode: True
2020-01-31 22:45:46.4194 [DEBUG] Play mode: False
2020-01-31 22:45:49.8198 [DEBUG] Scene Fusion version 1.8.6-0
2020-01-31 22:45:49.9554 [DEBUG] Play mode: True, sync in play mode: True
2020-01-31 22:46:15.0132 [DEBUG] Play mode: False
2020-01-31 22:46:19.0677 [DEBUG] Scene Fusion version 1.8.6-0
2020-01-31 22:46:19.2010 [DEBUG] Play mode: True, sync in play mode: True
2020-01-31 22:47:01.8058 [DEBUG] Play mode: False
2020-01-31 22:47:38.1537 [DEBUG] Scene Fusion version 1.8.6-0
2020-01-31 22:47:46.9246 [DEBUG] Scene Fusion version 1.8.6-0
2020-01-31 22:47:47.1111 [DEBUG] Play mode: True, sync in play mode: True
2020-01-31 22:47:54.3715 [DEBUG] Play mode: False
2020-01-31 22:48:34.6268 [DEBUG] Scene Fusion version 1.8.6-0
2020-01-31 22:48:40.1256 [DEBUG] Scene Fusion version 1.8.6-0
2020-01-31 22:48:40.2662 [DEBUG] Play mode: True, sync in play mode: True
2020-01-31 22:49:24.0292 [DEBUG] Play mode: False
2020-01-31 22:51:07.4559 [DEBUG] Scene Fusion version 1.8.6-0
2020-01-31 22:51:07.6065 [DEBUG] Play mode: True, sync in play mode: True
2020-01-31 22:51:14.3666 [DEBUG] Play mode: False
2020-01-31 22:51:22.1856 [DEBUG] Scene Fusion version 1.8.6-0
2020-01-31 22:51:22.3661 [DEBUG] Play mode: True, sync in play mode: True
2020-01-31 22:51:47.9876 [DEBUG] Play mode: False
2020-01-31 22:53:03.3691 [DEBUG] Scene Fusion version 1.8.6-0
2020-01-31 22:53:03.5705 [DEBUG] Play mode: True, sync in play mode: True
2020-01-31 22:53:06.6003 [DEBUG] Play mode: False
2020-01-31 22:54:25.5078 [DEBUG] Scene Fusion version 1.8.6-0
2020-01-31 22:54:25.6460 [DEBUG] Play mode: True, sync in play mode: True
2020-01-31 22:54:33.7235 [DEBUG] Play mode: False
2020-01-31 22:54:47.8199 [DEBUG] Scene Fusion version 1.8.6-0
2020-01-31 22:54:51.3950 [DEBUG] Scene Fusion version 1.8.6-0
2020-01-31 22:54:51.5267 [DEBUG] Play mode: True, sync in play mode: True
2020-01-31 22:54:57.6785 [DEBUG] Play mode: False
2020-01-31 22:55:37.6159 [DEBUG] Scene Fusion version 1.8.6-0
2020-01-31 22:55:37.7589 [DEBUG] Play mode: True, sync in play mode: True
2020-01-31 22:55:41.2430 [DEBUG] Play mode: False
2020-01-31 22:55:55.5551 [DEBUG] Scene Fusion version 1.8.6-0
2020-01-31 22:55:55.7437 [DEBUG] Play mode: True, sync in play mode: True
2020-01-31 22:57:01.5865 [DEBUG] Play mode: False
2020-01-31 22:57:03.6923 [DEBUG] Scene Fusion version 1.8.6-0
2020-01-31 22:57:07.2986 [DEBUG] Scene Fusion version 1.8.6-0
2020-01-31 22:57:07.4152 [DEBUG] Play mode: True, sync in play mode: True
2020-01-31 22:57:11.1996 [DEBUG] Play mode: False
2020-01-31 22:57:19.2283 [DEBUG] Scene Fusion version 1.8.6-0
2020-01-31 22:57:19.3536 [DEBUG] Play mode: True, sync in play mode: True
2020-01-31 22:57:37.6011 [DEBUG] Play mode: False
2020-01-31 22:58:01.6705 [DEBUG] Scene Fusion version 1.8.6-0
2020-01-31 22:58:01.8779 [DEBUG] Play mode: True, sync in play mode: True
2020-01-31 22:58:09.5237 [DEBUG] Play mode: False
2020-01-31 22:59:01.7890 [DEBUG] Scene Fusion version 1.8.6-0
2020-01-31 22:59:02.0151 [DEBUG] Play mode: True, sync in play mode: True
2020-01-31 22:59:16.5249 [DEBUG] Play mode: False
2020-01-31 22:59:44.3069 [DEBUG] Scene Fusion version 1.8.6-0
2020-01-31 22:59:44.4624 [DEBUG] Play mode: True, sync in play mode: True
2020-01-31 22:59:49.5540 [DEBUG] Play mode: False
2020-01-31 23:00:29.6471 [DEBUG] Scene Fusion version 1.8.6-0
2020-01-31 23:00:43.4090 [DEBUG] Scene Fusion version 1.8.6-0
2020-01-31 23:01:12.0201 [DEBUG] Scene Fusion version 1.8.6-0
2020-01-31 23:01:12.1492 [DEBUG] Play mode: True, sync in play mode: True
2020-01-31 23:01:58.4736 [DEBUG] Play mode: False
2020-01-31 23:02:13.9908 [DEBUG] Scene Fusion version 1.8.6-0
2020-01-31 23:02:14.1859 [DEBUG] Play mode: True, sync in play mode: True
2020-01-31 23:03:16.7533 [DEBUG] Play mode: False
2020-01-31 23:03:19.0477 [DEBUG] Scene Fusion version 1.8.6-0
2020-01-31 23:03:21.7599 [DEBUG] Scene Fusion version 1.8.6-0
2020-01-31 23:03:21.8731 [DEBUG] Play mode: True, sync in play mode: True
2020-01-31 23:03:39.1621 [DEBUG] Play mode: False
2020-01-31 23:04:17.5472 [DEBUG] Scene Fusion version 1.8.6-0
2020-01-31 23:04:17.7331 [DEBUG] Play mode: True, sync in play mode: True
2020-01-31 23:04:24.6773 [DEBUG] Play mode: False
2020-01-31 23:04:39.6145 [DEBUG] Scene Fusion version 1.8.6-0
2020-01-31 23:04:39.8061 [DEBUG] Play mode: True, sync in play mode: True
2020-01-31 23:05:21.6770 [DEBUG] Scene Fusion version 1.8.6-0
2020-01-31 23:05:22.6967 [DEBUG] Play mode: False
2020-01-31 23:05:25.9686 [DEBUG] Scene Fusion version 1.8.6-0
2020-01-31 23:05:26.1511 [DEBUG] Play mode: True, sync in play mode: True
2020-01-31 23:05:34.1047 [DEBUG] Play mode: False
2020-01-31 23:05:41.1190 [DEBUG] Scene Fusion version 1.8.6-0
2020-01-31 23:05:41.2607 [DEBUG] Play mode: True, sync in play mode: True
2020-01-31 23:05:53.4429 [DEBUG] Play mode: False
2020-01-31 23:06:05.5258 [DEBUG] Scene Fusion version 1.8.6-0
2020-01-31 23:06:05.7202 [DEBUG] Play mode: True, sync in play mode: True
2020-01-31 23:06:08.4700 [DEBUG] Play mode: False
2020-01-31 23:06:19.8175 [DEBUG] Scene Fusion version 1.8.6-0
2020-01-31 23:06:20.0106 [DEBUG] Play mode: True, sync in play mode: True
2020-01-31 23:09:22.5508 [DEBUG] Play mode: False
2020-01-31 23:09:40.2915 [DEBUG] Scene Fusion version 1.8.6-0
2020-01-31 23:09:40.4221 [DEBUG] Play mode: True, sync in play mode: True
2020-01-31 23:11:04.8147 [DEBUG] Play mode: False
2020-01-31 23:11:06.9148 [DEBUG] Scene Fusion version 1.8.6-0
2020-01-31 23:11:10.5420 [DEBUG] Scene Fusion version 1.8.6-0
2020-01-31 23:11:10.6537 [DEBUG] Play mode: True, sync in play mode: True
2020-01-31 23:11:43.4250 [DEBUG] Play mode: False
2020-01-31 23:12:04.0177 [DEBUG] Scene Fusion version 1.8.6-0
2020-01-31 23:12:04.2282 [DEBUG] Play mode: True, sync in play mode: True
2020-01-31 23:12:10.7981 [DEBUG] Play mode: False
2020-01-31 23:12:18.6568 [DEBUG] Scene Fusion version 1.8.6-0
2020-01-31 23:12:18.8482 [DEBUG] Play mode: True, sync in play mode: True
2020-01-31 23:12:29.5127 [DEBUG] Play mode: False
2020-01-31 23:12:36.9149 [DEBUG] Scene Fusion version 1.8.6-0
2020-01-31 23:12:37.0375 [DEBUG] Play mode: True, sync in play mode: True
2020-01-31 23:13:03.5318 [DEBUG] Play mode: False
2020-01-31 23:13:07.3133 [DEBUG] Scene Fusion version 1.8.6-0
2020-01-31 23:13:07.4974 [DEBUG] Play mode: True, sync in play mode: True
2020-01-31 23:13:37.5833 [DEBUG] Play mode: False
2020-01-31 23:13:57.4094 [DEBUG] Scene Fusion version 1.8.6-0
2020-01-31 23:13:57.5421 [DEBUG] Play mode: True, sync in play mode: True
2020-01-31 23:15:04.5452 [DEBUG] Play mode: False
2020-01-31 23:15:06.6839 [DEBUG] Scene Fusion version 1.8.6-0
2020-01-31 23:15:14.0070 [DEBUG] Scene Fusion version 1.8.6-0
2020-01-31 23:15:14.2176 [DEBUG] Play mode: True, sync in play mode: True
2020-01-31 23:15:29.9838 [DEBUG] Play mode: False
2020-01-31 23:15:47.1808 [DEBUG] Scene Fusion version 1.8.6-0
2020-01-31 23:15:47.3723 [DEBUG] Play mode: True, sync in play mode: True
2020-01-31 23:16:04.8882 [DEBUG] Play mode: False
2020-01-31 23:16:08.4121 [DEBUG] Scene Fusion version 1.8.6-0
2020-01-31 23:16:08.5338 [DEBUG] Play mode: True, sync in play mode: True
2020-01-31 23:16:12.2558 [DEBUG] Play mode: False
2020-01-31 23:16:47.7620 [DEBUG] Scene Fusion version 1.8.6-0
2020-01-31 23:16:47.8817 [DEBUG] Play mode: True, sync in play mode: True
2020-01-31 23:17:07.8123 [DEBUG] Play mode: False
2020-01-31 23:19:01.3387 [DEBUG] Scene Fusion version 1.8.6-0
2020-01-31 23:19:01.4673 [DEBUG] Play mode: True, sync in play mode: True
2020-01-31 23:19:43.4011 [DEBUG] Play mode: False
2020-01-31 23:20:25.9110 [DEBUG] Scene Fusion version 1.8.6-0
2020-01-31 23:20:26.1045 [DEBUG] Play mode: True, sync in play mode: True
2020-01-31 23:21:51.1990 [DEBUG] Play mode: False
2020-01-31 23:22:08.1342 [DEBUG] Scene Fusion version 1.8.6-0
2020-01-31 23:22:08.3097 [DEBUG] Play mode: True, sync in play mode: True
2020-01-31 23:22:29.8397 [DEBUG] Play mode: False
2020-01-31 23:24:47.7727 [DEBUG] Scene Fusion version 1.8.6-0
2020-01-31 23:25:13.3118 [DEBUG] Scene Fusion version 1.8.6-0
2020-01-31 23:25:13.4448 [DEBUG] Play mode: True, sync in play mode: True
2020-01-31 23:26:19.7695 [DEBUG] Play mode: False
2020-01-31 23:27:50.3600 [DEBUG] Scene Fusion version 1.8.6-0
2020-01-31 23:27:50.5504 [DEBUG] Play mode: True, sync in play mode: True
2020-01-31 23:27:54.3513 [DEBUG] Play mode: False
2020-01-31 23:30:33.4973 [DEBUG] Scene Fusion version 1.8.6-0
2020-01-31 23:30:36.9928 [DEBUG] Scene Fusion version 1.8.6-0
2020-01-31 23:30:37.1624 [DEBUG] Play mode: True, sync in play mode: True
2020-01-31 23:31:24.1066 [DEBUG] Play mode: False
2020-01-31 23:34:23.3418 [DEBUG] Scene Fusion version 1.8.6-0
2020-01-31 23:34:23.4316 [ERROR] NullReferenceException: Object reference not set to an instance of an object
Player.RotatePlayerTowardsMouse () (at Assets/Scripts/Player.cs:65)
Player.Update () (at Assets/Scripts/Player.cs:23)

2020-01-31 23:34:23.4795 [DEBUG] Play mode: True, sync in play mode: True
2020-01-31 23:34:23.4884 [ERROR] NullReferenceException: Object reference not set to an instance of an object
Player.RotatePlayerTowardsMouse () (at Assets/Scripts/Player.cs:65)
Player.Update () (at Assets/Scripts/Player.cs:23)

2020-01-31 23:34:23.5064 [ERROR] NullReferenceException: Object reference not set to an instance of an object
Player.RotatePlayerTowardsMouse () (at Assets/Scripts/Player.cs:65)
Player.Update () (at Assets/Scripts/Player.cs:23)

2020-01-31 23:34:23.5203 [ERROR] NullReferenceException: Object reference not set to an instance of an object
Player.RotatePlayerTowardsMouse () (at Assets/Scripts/Player.cs:65)
Player.Update () (at Assets/Scripts/Player.cs:23)

2020-01-31 23:34:23.5343 [ERROR] NullReferenceException: Object reference not set to an instance of an object
Player.RotatePlayerTowardsMouse () (at Assets/Scripts/Player.cs:65)
Player.Update () (at Assets/Scripts/Player.cs:23)

2020-01-31 23:34:23.5483 [ERROR] NullReferenceException: Object reference not set to an instance of an object
Player.RotatePlayerTowardsMouse () (at Assets/Scripts/Player.cs:65)
Player.Update () (at Assets/Scripts/Player.cs:23)

2020-01-31 23:34:23.5612 [ERROR] NullReferenceException: Object reference not set to an instance of an object
Player.RotatePlayerTowardsMouse () (at Assets/Scripts/Player.cs:65)
Player.Update () (at Assets/Scripts/Player.cs:23)

2020-01-31 23:34:23.5752 [ERROR] NullReferenceException: Object reference not set to an instance of an object
Player.RotatePlayerTowardsMouse () (at Assets/Scripts/Player.cs:65)
Player.Update () (at Assets/Scripts/Player.cs:23)

2020-01-31 23:34:23.5882 [ERROR] NullReferenceException: Object reference not set to an instance of an object
Player.RotatePlayerTowardsMouse () (at Assets/Scripts/Player.cs:65)
Player.Update () (at Assets/Scripts/Player.cs:23)

2020-01-31 23:34:23.6051 [ERROR] NullReferenceException: Object reference not set to an instance of an object
Player.RotatePlayerTowardsMouse () (at Assets/Scripts/Player.cs:65)
Player.Update () (at Assets/Scripts/Player.cs:23)

2020-01-31 23:34:23.6301 [ERROR] NullReferenceException: Object reference not set to an instance of an object
Player.RotatePlayerTowardsMouse () (at Assets/Scripts/Player.cs:65)
Player.Update () (at Assets/Scripts/Player.cs:23)

2020-01-31 23:34:23.6420 [ERROR] NullReferenceException: Object reference not set to an instance of an object
Player.RotatePlayerTowardsMouse () (at Assets/Scripts/Player.cs:65)
Player.Update () (at Assets/Scripts/Player.cs:23)

2020-01-31 23:34:23.6550 [ERROR] NullReferenceException: Object reference not set to an instance of an object
Player.RotatePlayerTowardsMouse () (at Assets/Scripts/Player.cs:65)
Player.Update () (at Assets/Scripts/Player.cs:23)

2020-01-31 23:34:23.6700 [ERROR] NullReferenceException: Object reference not set to an instance of an object
Player.RotatePlayerTowardsMouse () (at Assets/Scripts/Player.cs:65)
Player.Update () (at Assets/Scripts/Player.cs:23)

2020-01-31 23:34:23.6829 [ERROR] NullReferenceException: Object reference not set to an instance of an object
Player.RotatePlayerTowardsMouse () (at Assets/Scripts/Player.cs:65)
Player.Update () (at Assets/Scripts/Player.cs:23)

2020-01-31 23:34:23.7019 [ERROR] NullReferenceException: Object reference not set to an instance of an object
Player.RotatePlayerTowardsMouse () (at Assets/Scripts/Player.cs:65)
Player.Update () (at Assets/Scripts/Player.cs:23)

2020-01-31 23:34:23.7158 [ERROR] NullReferenceException: Object reference not set to an instance of an object
Player.RotatePlayerTowardsMouse () (at Assets/Scripts/Player.cs:65)
Player.Update () (at Assets/Scripts/Player.cs:23)

2020-01-31 23:34:23.7308 [ERROR] NullReferenceException: Object reference not set to an instance of an object
Player.RotatePlayerTowardsMouse () (at Assets/Scripts/Player.cs:65)
Player.Update () (at Assets/Scripts/Player.cs:23)

2020-01-31 23:34:23.7408 [ERROR] NullReferenceException: Object reference not set to an instance of an object
Player.RotatePlayerTowardsMouse () (at Assets/Scripts/Player.cs:65)
Player.Update () (at Assets/Scripts/Player.cs:23)

2020-01-31 23:34:23.7517 [ERROR] NullReferenceException: Object reference not set to an instance of an object
Player.RotatePlayerTowardsMouse () (at Assets/Scripts/Player.cs:65)
Player.Update () (at Assets/Scripts/Player.cs:23)

2020-01-31 23:34:23.7617 [ERROR] NullReferenceException: Object reference not set to an instance of an object
Player.RotatePlayerTowardsMouse () (at Assets/Scripts/Player.cs:65)
Player.Update () (at Assets/Scripts/Player.cs:23)

2020-01-31 23:34:23.7717 [ERROR] NullReferenceException: Object reference not set to an instance of an object
Player.RotatePlayerTowardsMouse () (at Assets/Scripts/Player.cs:65)
Player.Update () (at Assets/Scripts/Player.cs:23)

2020-01-31 23:34:23.7807 [ERROR] NullReferenceException: Object reference not set to an instance of an object
Player.RotatePlayerTowardsMouse () (at Assets/Scripts/Player.cs:65)
Player.Update () (at Assets/Scripts/Player.cs:23)

2020-01-31 23:34:23.7956 [ERROR] NullReferenceException: Object reference not set to an instance of an object
Player.RotatePlayerTowardsMouse () (at Assets/Scripts/Player.cs:65)
Player.Update () (at Assets/Scripts/Player.cs:23)

2020-01-31 23:34:23.8096 [ERROR] NullReferenceException: Object reference not set to an instance of an object
Player.RotatePlayerTowardsMouse () (at Assets/Scripts/Player.cs:65)
Player.Update () (at Assets/Scripts/Player.cs:23)

2020-01-31 23:34:23.8235 [ERROR] NullReferenceException: Object reference not set to an instance of an object
Player.RotatePlayerTowardsMouse () (at Assets/Scripts/Player.cs:65)
Player.Update () (at Assets/Scripts/Player.cs:23)

2020-01-31 23:34:23.8375 [ERROR] NullReferenceException: Object reference not set to an instance of an object
Player.RotatePlayerTowardsMouse () (at Assets/Scripts/Player.cs:65)
Player.Update () (at Assets/Scripts/Player.cs:23)

2020-01-31 23:34:23.8515 [ERROR] NullReferenceException: Object reference not set to an instance of an object
Player.RotatePlayerTowardsMouse () (at Assets/Scripts/Player.cs:65)
Player.Update () (at Assets/Scripts/Player.cs:23)

2020-01-31 23:34:23.8644 [ERROR] NullReferenceException: Object reference not set to an instance of an object
Player.RotatePlayerTowardsMouse () (at Assets/Scripts/Player.cs:65)
Player.Update () (at Assets/Scripts/Player.cs:23)

2020-01-31 23:34:23.8774 [ERROR] NullReferenceException: Object reference not set to an instance of an object
Player.RotatePlayerTowardsMouse () (at Assets/Scripts/Player.cs:65)
Player.Update () (at Assets/Scripts/Player.cs:23)

2020-01-31 23:34:23.8904 [ERROR] NullReferenceException: Object reference not set to an instance of an object
Player.RotatePlayerTowardsMouse () (at Assets/Scripts/Player.cs:65)
Player.Update () (at Assets/Scripts/Player.cs:23)

2020-01-31 23:34:23.9043 [ERROR] NullReferenceException: Object reference not set to an instance of an object
Player.RotatePlayerTowardsMouse () (at Assets/Scripts/Player.cs:65)
Player.Update () (at Assets/Scripts/Player.cs:23)

2020-01-31 23:34:23.9163 [ERROR] NullReferenceException: Object reference not set to an instance of an object
Player.RotatePlayerTowardsMouse () (at Assets/Scripts/Player.cs:65)
Player.Update () (at Assets/Scripts/Player.cs:23)

2020-01-31 23:34:23.9313 [ERROR] NullReferenceException: Object reference not set to an instance of an object
Player.RotatePlayerTowardsMouse () (at Assets/Scripts/Player.cs:65)
Player.Update () (at Assets/Scripts/Player.cs:23)

2020-01-31 23:34:23.9442 [ERROR] NullReferenceException: Object reference not set to an instance of an object
Player.RotatePlayerTowardsMouse () (at Assets/Scripts/Player.cs:65)
Player.Update () (at Assets/Scripts/Player.cs:23)

2020-01-31 23:34:23.9562 [ERROR] NullReferenceException: Object reference not set to an instance of an object
Player.RotatePlayerTowardsMouse () (at Assets/Scripts/Player.cs:65)
Player.Update () (at Assets/Scripts/Player.cs:23)

2020-01-31 23:34:23.9692 [ERROR] NullReferenceException: Object reference not set to an instance of an object
Player.RotatePlayerTowardsMouse () (at Assets/Scripts/Player.cs:65)
Player.Update () (at Assets/Scripts/Player.cs:23)

2020-01-31 23:34:23.9801 [ERROR] NullReferenceException: Object reference not set to an instance of an object
Player.RotatePlayerTowardsMouse () (at Assets/Scripts/Player.cs:65)
Player.Update () (at Assets/Scripts/Player.cs:23)

2020-01-31 23:34:23.9931 [ERROR] NullReferenceException: Object reference not set to an instance of an object
Player.RotatePlayerTowardsMouse () (at Assets/Scripts/Player.cs:65)
Player.Update () (at Assets/Scripts/Player.cs:23)

2020-01-31 23:34:24.0051 [ERROR] NullReferenceException: Object reference not set to an instance of an object
Player.RotatePlayerTowardsMouse () (at Assets/Scripts/Player.cs:65)
Player.Update () (at Assets/Scripts/Player.cs:23)

2020-01-31 23:34:24.0180 [ERROR] NullReferenceException: Object reference not set to an instance of an object
Player.RotatePlayerTowardsMouse () (at Assets/Scripts/Player.cs:65)
Player.Update () (at Assets/Scripts/Player.cs:23)

2020-01-31 23:34:24.0320 [ERROR] NullReferenceException: Object reference not set to an instance of an object
Player.RotatePlayerTowardsMouse () (at Assets/Scripts/Player.cs:65)
Player.Update () (at Assets/Scripts/Player.cs:23)

2020-01-31 23:34:24.0440 [ERROR] NullReferenceException: Object reference not set to an instance of an object
Player.RotatePlayerTowardsMouse () (at Assets/Scripts/Player.cs:65)
Player.Update () (at Assets/Scripts/Player.cs:23)

2020-01-31 23:34:24.0569 [ERROR] NullReferenceException: Object reference not set to an instance of an object
Player.RotatePlayerTowardsMouse () (at Assets/Scripts/Player.cs:65)
Player.Update () (at Assets/Scripts/Player.cs:23)

2020-01-31 23:34:24.0699 [ERROR] NullReferenceException: Object reference not set to an instance of an object
Player.RotatePlayerTowardsMouse () (at Assets/Scripts/Player.cs:65)
Player.Update () (at Assets/Scripts/Player.cs:23)

2020-01-31 23:34:24.0828 [ERROR] NullReferenceException: Object reference not set to an instance of an object
Player.RotatePlayerTowardsMouse () (at Assets/Scripts/Player.cs:65)
Player.Update () (at Assets/Scripts/Player.cs:23)

2020-01-31 23:34:24.0958 [ERROR] NullReferenceException: Object reference not set to an instance of an object
Player.RotatePlayerTowardsMouse () (at Assets/Scripts/Player.cs:65)
Player.Update () (at Assets/Scripts/Player.cs:23)

2020-01-31 23:34:24.1108 [ERROR] NullReferenceException: Object reference not set to an instance of an object
Player.RotatePlayerTowardsMouse () (at Assets/Scripts/Player.cs:65)
Player.Update () (at Assets/Scripts/Player.cs:23)

2020-01-31 23:34:24.1245 [ERROR] NullReferenceException: Object reference not set to an instance of an object
Player.RotatePlayerTowardsMouse () (at Assets/Scripts/Player.cs:65)
Player.Update () (at Assets/Scripts/Player.cs:23)

2020-01-31 23:34:24.1444 [ERROR] NullReferenceException: Object reference not set to an instance of an object
Player.RotatePlayerTowardsMouse () (at Assets/Scripts/Player.cs:65)
Player.Update () (at Assets/Scripts/Player.cs:23)

2020-01-31 23:34:24.1574 [ERROR] NullReferenceException: Object reference not set to an instance of an object
Player.RotatePlayerTowardsMouse () (at Assets/Scripts/Player.cs:65)
Player.Update () (at Assets/Scripts/Player.cs:23)

2020-01-31 23:34:24.1673 [ERROR] NullReferenceException: Object reference not set to an instance of an object
Player.RotatePlayerTowardsMouse () (at Assets/Scripts/Player.cs:65)
Player.Update () (at Assets/Scripts/Player.cs:23)

2020-01-31 23:34:24.1773 [ERROR] NullReferenceException: Object reference not set to an instance of an object
Player.RotatePlayerTowardsMouse () (at Assets/Scripts/Player.cs:65)
Player.Update () (at Assets/Scripts/Player.cs:23)

2020-01-31 23:34:24.1873 [ERROR] NullReferenceException: Object reference not set to an instance of an object
Player.RotatePlayerTowardsMouse () (at Assets/Scripts/Player.cs:65)
Player.Update () (at Assets/Scripts/Player.cs:23)

2020-01-31 23:34:24.1973 [ERROR] NullReferenceException: Object reference not set to an instance of an object
Player.RotatePlayerTowardsMouse () (at Assets/Scripts/Player.cs:65)
Player.Update () (at Assets/Scripts/Player.cs:23)

2020-01-31 23:34:24.2082 [ERROR] NullReferenceException: Object reference not set to an instance of an object
Player.RotatePlayerTowardsMouse () (at Assets/Scripts/Player.cs:65)
Player.Update () (at Assets/Scripts/Player.cs:23)

2020-01-31 23:34:24.2184 [ERROR] NullReferenceException: Object reference not set to an instance of an object
Player.RotatePlayerTowardsMouse () (at Assets/Scripts/Player.cs:65)
Player.Update () (at Assets/Scripts/Player.cs:23)

2020-01-31 23:34:24.2343 [ERROR] NullReferenceException: Object reference not set to an instance of an object
Player.RotatePlayerTowardsMouse () (at Assets/Scripts/Player.cs:65)
Player.Update () (at Assets/Scripts/Player.cs:23)

2020-01-31 23:34:24.2473 [ERROR] NullReferenceException: Object reference not set to an instance of an object
Player.RotatePlayerTowardsMouse () (at Assets/Scripts/Player.cs:65)
Player.Update () (at Assets/Scripts/Player.cs:23)

2020-01-31 23:34:24.2603 [ERROR] NullReferenceException: Object reference not set to an instance of an object
Player.RotatePlayerTowardsMouse () (at Assets/Scripts/Player.cs:65)
Player.Update () (at Assets/Scripts/Player.cs:23)

2020-01-31 23:34:24.2722 [ERROR] NullReferenceException: Object reference not set to an instance of an object
Player.RotatePlayerTowardsMouse () (at Assets/Scripts/Player.cs:65)
Player.Update () (at Assets/Scripts/Player.cs:23)

2020-01-31 23:34:24.2852 [ERROR] NullReferenceException: Object reference not set to an instance of an object
Player.RotatePlayerTowardsMouse () (at Assets/Scripts/Player.cs:65)
Player.Update () (at Assets/Scripts/Player.cs:23)

2020-01-31 23:34:24.2982 [ERROR] NullReferenceException: Object reference not set to an instance of an object
Player.RotatePlayerTowardsMouse () (at Assets/Scripts/Player.cs:65)
Player.Update () (at Assets/Scripts/Player.cs:23)

2020-01-31 23:34:24.3121 [ERROR] NullReferenceException: Object reference not set to an instance of an object
Player.RotatePlayerTowardsMouse () (at Assets/Scripts/Player.cs:65)
Player.Update () (at Assets/Scripts/Player.cs:23)

2020-01-31 23:34:24.3241 [ERROR] NullReferenceException: Object reference not set to an instance of an object
Player.RotatePlayerTowardsMouse () (at Assets/Scripts/Player.cs:65)
Player.Update () (at Assets/Scripts/Player.cs:23)

2020-01-31 23:34:24.3390 [ERROR] NullReferenceException: Object reference not set to an instance of an object
Player.RotatePlayerTowardsMouse () (at Assets/Scripts/Player.cs:65)
Player.Update () (at Assets/Scripts/Player.cs:23)

2020-01-31 23:34:24.3530 [ERROR] NullReferenceException: Object reference not set to an instance of an object
Player.RotatePlayerTowardsMouse () (at Assets/Scripts/Player.cs:65)
Player.Update () (at Assets/Scripts/Player.cs:23)

2020-01-31 23:34:24.3670 [ERROR] NullReferenceException: Object reference not set to an instance of an object
Player.RotatePlayerTowardsMouse () (at Assets/Scripts/Player.cs:65)
Player.Update () (at Assets/Scripts/Player.cs:23)

2020-01-31 23:34:24.3799 [ERROR] NullReferenceException: Object reference not set to an instance of an object
Player.RotatePlayerTowardsMouse () (at Assets/Scripts/Player.cs:65)
Player.Update () (at Assets/Scripts/Player.cs:23)

2020-01-31 23:34:24.3929 [ERROR] NullReferenceException: Object reference not set to an instance of an object
Player.RotatePlayerTowardsMouse () (at Assets/Scripts/Player.cs:65)
Player.Update () (at Assets/Scripts/Player.cs:23)

2020-01-31 23:34:24.4059 [ERROR] NullReferenceException: Object reference not set to an instance of an object
Player.RotatePlayerTowardsMouse () (at Assets/Scripts/Player.cs:65)
Player.Update () (at Assets/Scripts/Player.cs:23)

2020-01-31 23:34:24.4198 [ERROR] NullReferenceException: Object reference not set to an instance of an object
Player.RotatePlayerTowardsMouse () (at Assets/Scripts/Player.cs:65)
Player.Update () (at Assets/Scripts/Player.cs:23)

2020-01-31 23:34:24.4338 [ERROR] NullReferenceException: Object reference not set to an instance of an object
Player.RotatePlayerTowardsMouse () (at Assets/Scripts/Player.cs:65)
Player.Update () (at Assets/Scripts/Player.cs:23)

2020-01-31 23:34:24.4478 [ERROR] NullReferenceException: Object reference not set to an instance of an object
Player.RotatePlayerTowardsMouse () (at Assets/Scripts/Player.cs:65)
Player.Update () (at Assets/Scripts/Player.cs:23)

2020-01-31 23:34:24.4607 [ERROR] NullReferenceException: Object reference not set to an instance of an object
Player.RotatePlayerTowardsMouse () (at Assets/Scripts/Player.cs:65)
Player.Update () (at Assets/Scripts/Player.cs:23)

2020-01-31 23:34:24.4747 [ERROR] NullReferenceException: Object reference not set to an instance of an object
Player.RotatePlayerTowardsMouse () (at Assets/Scripts/Player.cs:65)
Player.Update () (at Assets/Scripts/Player.cs:23)

2020-01-31 23:34:24.4876 [ERROR] NullReferenceException: Object reference not set to an instance of an object
Player.RotatePlayerTowardsMouse () (at Assets/Scripts/Player.cs:65)
Player.Update () (at Assets/Scripts/Player.cs:23)

2020-01-31 23:34:24.5006 [ERROR] NullReferenceException: Object reference not set to an instance of an object
Player.RotatePlayerTowardsMouse () (at Assets/Scripts/Player.cs:65)
Player.Update () (at Assets/Scripts/Player.cs:23)

2020-01-31 23:34:24.5136 [ERROR] NullReferenceException: Object reference not set to an instance of an object
Player.RotatePlayerTowardsMouse () (at Assets/Scripts/Player.cs:65)
Player.Update () (at Assets/Scripts/Player.cs:23)

2020-01-31 23:34:24.5285 [ERROR] NullReferenceException: Object reference not set to an instance of an object
Player.RotatePlayerTowardsMouse () (at Assets/Scripts/Player.cs:65)
Player.Update () (at Assets/Scripts/Player.cs:23)

2020-01-31 23:34:24.5425 [ERROR] NullReferenceException: Object reference not set to an instance of an object
Player.RotatePlayerTowardsMouse () (at Assets/Scripts/Player.cs:65)
Player.Update () (at Assets/Scripts/Player.cs:23)

2020-01-31 23:34:24.5535 [ERROR] NullReferenceException: Object reference not set to an instance of an object
Player.RotatePlayerTowardsMouse () (at Assets/Scripts/Player.cs:65)
Player.Update () (at Assets/Scripts/Player.cs:23)

2020-01-31 23:34:24.5625 [ERROR] NullReferenceException: Object reference not set to an instance of an object
Player.RotatePlayerTowardsMouse () (at Assets/Scripts/Player.cs:65)
Player.Update () (at Assets/Scripts/Player.cs:23)

2020-01-31 23:34:24.5734 [ERROR] NullReferenceException: Object reference not set to an instance of an object
Player.RotatePlayerTowardsMouse () (at Assets/Scripts/Player.cs:65)
Player.Update () (at Assets/Scripts/Player.cs:23)

2020-01-31 23:34:24.5834 [ERROR] NullReferenceException: Object reference not set to an instance of an object
Player.RotatePlayerTowardsMouse () (at Assets/Scripts/Player.cs:65)
Player.Update () (at Assets/Scripts/Player.cs:23)

2020-01-31 23:34:24.5944 [ERROR] NullReferenceException: Object reference not set to an instance of an object
Player.RotatePlayerTowardsMouse () (at Assets/Scripts/Player.cs:65)
Player.Update () (at Assets/Scripts/Player.cs:23)

2020-01-31 23:34:24.6043 [ERROR] NullReferenceException: Object reference not set to an instance of an object
Player.RotatePlayerTowardsMouse () (at Assets/Scripts/Player.cs:65)
Player.Update () (at Assets/Scripts/Player.cs:23)

2020-01-31 23:34:24.6143 [ERROR] NullReferenceException: Object reference not set to an instance of an object
Player.RotatePlayerTowardsMouse () (at Assets/Scripts/Player.cs:65)
Player.Update () (at Assets/Scripts/Player.cs:23)

2020-01-31 23:34:24.6243 [ERROR] NullReferenceException: Object reference not set to an instance of an object
Player.RotatePlayerTowardsMouse () (at Assets/Scripts/Player.cs:65)
Player.Update () (at Assets/Scripts/Player.cs:23)

2020-01-31 23:34:24.6362 [ERROR] NullReferenceException: Object reference not set to an instance of an object
Player.RotatePlayerTowardsMouse () (at Assets/Scripts/Player.cs:65)
Player.Update () (at Assets/Scripts/Player.cs:23)

2020-01-31 23:34:24.6452 [ERROR] NullReferenceException: Object reference not set to an instance of an object
Player.RotatePlayerTowardsMouse () (at Assets/Scripts/Player.cs:65)
Player.Update () (at Assets/Scripts/Player.cs:23)

2020-01-31 23:34:24.6552 [ERROR] NullReferenceException: Object reference not set to an instance of an object
Player.RotatePlayerTowardsMouse () (at Assets/Scripts/Player.cs:65)
Player.Update () (at Assets/Scripts/Player.cs:23)

2020-01-31 23:34:24.6652 [ERROR] NullReferenceException: Object reference not set to an instance of an object
Player.RotatePlayerTowardsMouse () (at Assets/Scripts/Player.cs:65)
Player.Update () (at Assets/Scripts/Player.cs:23)

2020-01-31 23:34:24.6811 [ERROR] NullReferenceException: Object reference not set to an instance of an object
Player.RotatePlayerTowardsMouse () (at Assets/Scripts/Player.cs:65)
Player.Update () (at Assets/Scripts/Player.cs:23)

2020-01-31 23:34:24.6921 [ERROR] NullReferenceException: Object reference not set to an instance of an object
Player.RotatePlayerTowardsMouse () (at Assets/Scripts/Player.cs:65)
Player.Update () (at Assets/Scripts/Player.cs:23)

2020-01-31 23:34:24.7051 [ERROR] NullReferenceException: Object reference not set to an instance of an object
Player.RotatePlayerTowardsMouse () (at Assets/Scripts/Player.cs:65)
Player.Update () (at Assets/Scripts/Player.cs:23)

2020-01-31 23:34:24.7160 [ERROR] NullReferenceException: Object reference not set to an instance of an object
Player.RotatePlayerTowardsMouse () (at Assets/Scripts/Player.cs:65)
Player.Update () (at Assets/Scripts/Player.cs:23)

2020-01-31 23:34:24.7290 [ERROR] NullReferenceException: Object reference not set to an instance of an object
Player.RotatePlayerTowardsMouse () (at Assets/Scripts/Player.cs:65)
Player.Update () (at Assets/Scripts/Player.cs:23)

2020-01-31 23:34:24.7390 [ERROR] NullReferenceException: Object reference not set to an instance of an object
Player.RotatePlayerTowardsMouse () (at Assets/Scripts/Player.cs:65)
Player.Update () (at Assets/Scripts/Player.cs:23)

2020-01-31 23:34:24.7500 [ERROR] NullReferenceException: Object reference not set to an instance of an object
Player.RotatePlayerTowardsMouse () (at Assets/Scripts/Player.cs:65)
Player.Update () (at Assets/Scripts/Player.cs:23)

2020-01-31 23:34:24.7599 [ERROR] NullReferenceException: Object reference not set to an instance of an object
Player.RotatePlayerTowardsMouse () (at Assets/Scripts/Player.cs:65)
Player.Update () (at Assets/Scripts/Player.cs:23)

2020-01-31 23:34:24.7699 [ERROR] NullReferenceException: Object reference not set to an instance of an object
Player.RotatePlayerTowardsMouse () (at Assets/Scripts/Player.cs:65)
Player.Update () (at Assets/Scripts/Player.cs:23)

2020-01-31 23:34:24.7799 [ERROR] NullReferenceException: Object reference not set to an instance of an object
Player.RotatePlayerTowardsMouse () (at Assets/Scripts/Player.cs:65)
Player.Update () (at Assets/Scripts/Player.cs:23)

2020-01-31 23:34:24.7908 [ERROR] NullReferenceException: Object reference not set to an instance of an object
Player.RotatePlayerTowardsMouse () (at Assets/Scripts/Player.cs:65)
Player.Update () (at Assets/Scripts/Player.cs:23)

2020-01-31 23:34:24.8008 [ERROR] NullReferenceException: Object reference not set to an instance of an object
Player.RotatePlayerTowardsMouse () (at Assets/Scripts/Player.cs:65)
Player.Update () (at Assets/Scripts/Player.cs:23)

2020-01-31 23:34:24.8108 [ERROR] NullReferenceException: Object reference not set to an instance of an object
Player.RotatePlayerTowardsMouse () (at Assets/Scripts/Player.cs:65)
Player.Update () (at Assets/Scripts/Player.cs:23)

2020-01-31 23:34:24.8208 [ERROR] NullReferenceException: Object reference not set to an instance of an object
Player.RotatePlayerTowardsMouse () (at Assets/Scripts/Player.cs:65)
Player.Update () (at Assets/Scripts/Player.cs:23)

2020-01-31 23:34:24.8307 [ERROR] NullReferenceException: Object reference not set to an instance of an object
Player.RotatePlayerTowardsMouse () (at Assets/Scripts/Player.cs:65)
Player.Update () (at Assets/Scripts/Player.cs:23)

2020-01-31 23:34:24.8417 [ERROR] NullReferenceException: Object reference not set to an instance of an object
Player.RotatePlayerTowardsMouse () (at Assets/Scripts/Player.cs:65)
Player.Update () (at Assets/Scripts/Player.cs:23)

2020-01-31 23:34:24.8527 [ERROR] NullReferenceException: Object reference not set to an instance of an object
Player.RotatePlayerTowardsMouse () (at Assets/Scripts/Player.cs:65)
Player.Update () (at Assets/Scripts/Player.cs:23)

2020-01-31 23:34:24.8626 [ERROR] NullReferenceException: Object reference not set to an instance of an object
Player.RotatePlayerTowardsMouse () (at Assets/Scripts/Player.cs:65)
Player.Update () (at Assets/Scripts/Player.cs:23)

2020-01-31 23:34:24.8726 [ERROR] NullReferenceException: Object reference not set to an instance of an object
Player.RotatePlayerTowardsMouse () (at Assets/Scripts/Player.cs:65)
Player.Update () (at Assets/Scripts/Player.cs:23)

2020-01-31 23:34:24.8816 [ERROR] NullReferenceException: Object reference not set to an instance of an object
Player.RotatePlayerTowardsMouse () (at Assets/Scripts/Player.cs:65)
Player.Update () (at Assets/Scripts/Player.cs:23)

2020-01-31 23:34:24.8926 [ERROR] NullReferenceException: Object reference not set to an instance of an object
Player.RotatePlayerTowardsMouse () (at Assets/Scripts/Player.cs:65)
Player.Update () (at Assets/Scripts/Player.cs:23)

2020-01-31 23:34:24.9015 [ERROR] NullReferenceException: Object reference not set to an instance of an object
Player.RotatePlayerTowardsMouse () (at Assets/Scripts/Player.cs:65)
Player.Update () (at Assets/Scripts/Player.cs:23)

2020-01-31 23:34:24.9115 [ERROR] NullReferenceException: Object reference not set to an instance of an object
Player.RotatePlayerTowardsMouse () (at Assets/Scripts/Player.cs:65)
Player.Update () (at Assets/Scripts/Player.cs:23)

2020-01-31 23:34:24.9205 [ERROR] NullReferenceException: Object reference not set to an instance of an object
Player.RotatePlayerTowardsMouse () (at Assets/Scripts/Player.cs:65)
Player.Update () (at Assets/Scripts/Player.cs:23)

2020-01-31 23:34:24.9305 [ERROR] NullReferenceException: Object reference not set to an instance of an object
Player.RotatePlayerTowardsMouse () (at Assets/Scripts/Player.cs:65)
Player.Update () (at Assets/Scripts/Player.cs:23)

2020-01-31 23:34:24.9384 [ERROR] NullReferenceException: Object reference not set to an instance of an object
Player.RotatePlayerTowardsMouse () (at Assets/Scripts/Player.cs:65)
Player.Update () (at Assets/Scripts/Player.cs:23)

2020-01-31 23:34:24.9494 [ERROR] NullReferenceException: Object reference not set to an instance of an object
Player.RotatePlayerTowardsMouse () (at Assets/Scripts/Player.cs:65)
Player.Update () (at Assets/Scripts/Player.cs:23)

2020-01-31 23:34:24.9614 [ERROR] NullReferenceException: Object reference not set to an instance of an object
Player.RotatePlayerTowardsMouse () (at Assets/Scripts/Player.cs:65)
Player.Update () (at Assets/Scripts/Player.cs:23)

2020-01-31 23:34:24.9713 [ERROR] NullReferenceException: Object reference not set to an instance of an object
Player.RotatePlayerTowardsMouse () (at Assets/Scripts/Player.cs:65)
Player.Update () (at Assets/Scripts/Player.cs:23)

2020-01-31 23:34:24.9823 [ERROR] NullReferenceException: Object reference not set to an instance of an object
Player.RotatePlayerTowardsMouse () (at Assets/Scripts/Player.cs:65)
Player.Update () (at Assets/Scripts/Player.cs:23)

2020-01-31 23:34:24.9963 [ERROR] NullReferenceException: Object reference not set to an instance of an object
Player.RotatePlayerTowardsMouse () (at Assets/Scripts/Player.cs:65)
Player.Update () (at Assets/Scripts/Player.cs:23)

2020-01-31 23:34:25.0092 [ERROR] NullReferenceException: Object reference not set to an instance of an object
Player.RotatePlayerTowardsMouse () (at Assets/Scripts/Player.cs:65)
Player.Update () (at Assets/Scripts/Player.cs:23)

2020-01-31 23:34:25.0182 [ERROR] NullReferenceException: Object reference not set to an instance of an object
Player.RotatePlayerTowardsMouse () (at Assets/Scripts/Player.cs:65)
Player.Update () (at Assets/Scripts/Player.cs:23)

2020-01-31 23:34:25.0312 [ERROR] NullReferenceException: Object reference not set to an instance of an object
Player.RotatePlayerTowardsMouse () (at Assets/Scripts/Player.cs:65)
Player.Update () (at Assets/Scripts/Player.cs:23)

2020-01-31 23:34:25.0452 [ERROR] NullReferenceException: Object reference not set to an instance of an object
Player.RotatePlayerTowardsMouse () (at Assets/Scripts/Player.cs:65)
Player.Update () (at Assets/Scripts/Player.cs:23)

2020-01-31 23:34:25.0581 [ERROR] NullReferenceException: Object reference not set to an instance of an object
Player.RotatePlayerTowardsMouse () (at Assets/Scripts/Player.cs:65)
Player.Update () (at Assets/Scripts/Player.cs:23)

2020-01-31 23:34:25.0721 [ERROR] NullReferenceException: Object reference not set to an instance of an object
Player.RotatePlayerTowardsMouse () (at Assets/Scripts/Player.cs:65)
Player.Update () (at Assets/Scripts/Player.cs:23)

2020-01-31 23:34:25.0821 [ERROR] NullReferenceException: Object reference not set to an instance of an object
Player.RotatePlayerTowardsMouse () (at Assets/Scripts/Player.cs:65)
Player.Update () (at Assets/Scripts/Player.cs:23)

2020-01-31 23:34:25.0960 [ERROR] NullReferenceException: Object reference not set to an instance of an object
Player.RotatePlayerTowardsMouse () (at Assets/Scripts/Player.cs:65)
Player.Update () (at Assets/Scripts/Player.cs:23)

2020-01-31 23:34:25.1100 [ERROR] NullReferenceException: Object reference not set to an instance of an object
Player.RotatePlayerTowardsMouse () (at Assets/Scripts/Player.cs:65)
Player.Update () (at Assets/Scripts/Player.cs:23)

2020-01-31 23:34:25.1229 [ERROR] NullReferenceException: Object reference not set to an instance of an object
Player.RotatePlayerTowardsMouse () (at Assets/Scripts/Player.cs:65)
Player.Update () (at Assets/Scripts/Player.cs:23)

2020-01-31 23:34:25.1369 [ERROR] NullReferenceException: Object reference not set to an instance of an object
Player.RotatePlayerTowardsMouse () (at Assets/Scripts/Player.cs:65)
Player.Update () (at Assets/Scripts/Player.cs:23)

2020-01-31 23:34:25.1509 [ERROR] NullReferenceException: Object reference not set to an instance of an object
Player.RotatePlayerTowardsMouse () (at Assets/Scripts/Player.cs:65)
Player.Update () (at Assets/Scripts/Player.cs:23)

2020-01-31 23:34:25.1598 [ERROR] NullReferenceException: Object reference not set to an instance of an object
Player.RotatePlayerTowardsMouse () (at Assets/Scripts/Player.cs:65)
Player.Update () (at Assets/Scripts/Player.cs:23)

2020-01-31 23:34:25.1688 [ERROR] NullReferenceException: Object reference not set to an instance of an object
Player.RotatePlayerTowardsMouse () (at Assets/Scripts/Player.cs:65)
Player.Update () (at Assets/Scripts/Player.cs:23)

2020-01-31 23:34:25.1788 [ERROR] NullReferenceException: Object reference not set to an instance of an object
Player.RotatePlayerTowardsMouse () (at Assets/Scripts/Player.cs:65)
Player.Update () (at Assets/Scripts/Player.cs:23)

2020-01-31 23:34:25.1888 [ERROR] NullReferenceException: Object reference not set to an instance of an object
Player.RotatePlayerTowardsMouse () (at Assets/Scripts/Player.cs:65)
Player.Update () (at Assets/Scripts/Player.cs:23)

2020-01-31 23:34:25.1987 [ERROR] NullReferenceException: Object reference not set to an instance of an object
Player.RotatePlayerTowardsMouse () (at Assets/Scripts/Player.cs:65)
Player.Update () (at Assets/Scripts/Player.cs:23)

2020-01-31 23:34:25.2127 [ERROR] NullReferenceException: Object reference not set to an instance of an object
Player.RotatePlayerTowardsMouse () (at Assets/Scripts/Player.cs:65)
Player.Update () (at Assets/Scripts/Player.cs:23)

2020-01-31 23:34:25.2264 [ERROR] NullReferenceException: Object reference not set to an instance of an object
Player.RotatePlayerTowardsMouse () (at Assets/Scripts/Player.cs:65)
Player.Update () (at Assets/Scripts/Player.cs:23)

2020-01-31 23:34:25.2384 [ERROR] NullReferenceException: Object reference not set to an instance of an object
Player.RotatePlayerTowardsMouse () (at Assets/Scripts/Player.cs:65)
Player.Update () (at Assets/Scripts/Player.cs:23)

2020-01-31 23:34:25.2519 [ERROR] NullReferenceException: Object reference not set to an instance of an object
Player.RotatePlayerTowardsMouse () (at Assets/Scripts/Player.cs:65)
Player.Update () (at Assets/Scripts/Player.cs:23)

2020-01-31 23:34:25.2609 [ERROR] NullReferenceException: Object reference not set to an instance of an object
Player.RotatePlayerTowardsMouse () (at Assets/Scripts/Player.cs:65)
Player.Update () (at Assets/Scripts/Player.cs:23)

2020-01-31 23:34:25.2719 [ERROR] NullReferenceException: Object reference not set to an instance of an object
Player.RotatePlayerTowardsMouse () (at Assets/Scripts/Player.cs:65)
Player.Update () (at Assets/Scripts/Player.cs:23)

2020-01-31 23:34:25.2819 [ERROR] NullReferenceException: Object reference not set to an instance of an object
Player.RotatePlayerTowardsMouse () (at Assets/Scripts/Player.cs:65)
Player.Update () (at Assets/Scripts/Player.cs:23)

2020-01-31 23:34:25.2918 [ERROR] NullReferenceException: Object reference not set to an instance of an object
Player.RotatePlayerTowardsMouse () (at Assets/Scripts/Player.cs:65)
Player.Update () (at Assets/Scripts/Player.cs:23)

2020-01-31 23:34:25.3008 [ERROR] NullReferenceException: Object reference not set to an instance of an object
Player.RotatePlayerTowardsMouse () (at Assets/Scripts/Player.cs:65)
Player.Update () (at Assets/Scripts/Player.cs:23)

2020-01-31 23:34:25.3108 [ERROR] NullReferenceException: Object reference not set to an instance of an object
Player.RotatePlayerTowardsMouse () (at Assets/Scripts/Player.cs:65)
Player.Update () (at Assets/Scripts/Player.cs:23)

2020-01-31 23:34:25.3198 [ERROR] NullReferenceException: Object reference not set to an instance of an object
Player.RotatePlayerTowardsMouse () (at Assets/Scripts/Player.cs:65)
Player.Update () (at Assets/Scripts/Player.cs:23)

2020-01-31 23:34:25.3305 [ERROR] NullReferenceException: Object reference not set to an instance of an object
Player.RotatePlayerTowardsMouse () (at Assets/Scripts/Player.cs:65)
Player.Update () (at Assets/Scripts/Player.cs:23)

2020-01-31 23:34:25.3395 [ERROR] NullReferenceException: Object reference not set to an instance of an object
Player.RotatePlayerTowardsMouse () (at Assets/Scripts/Player.cs:65)
Player.Update () (at Assets/Scripts/Player.cs:23)

2020-01-31 23:34:25.3494 [ERROR] NullReferenceException: Object reference not set to an instance of an object
Player.RotatePlayerTowardsMouse () (at Assets/Scripts/Player.cs:65)
Player.Update () (at Assets/Scripts/Player.cs:23)

2020-01-31 23:34:25.3634 [ERROR] NullReferenceException: Object reference not set to an instance of an object
Player.RotatePlayerTowardsMouse () (at Assets/Scripts/Player.cs:65)
Player.Update () (at Assets/Scripts/Player.cs:23)

2020-01-31 23:34:25.3774 [ERROR] NullReferenceException: Object reference not set to an instance of an object
Player.RotatePlayerTowardsMouse () (at Assets/Scripts/Player.cs:65)
Player.Update () (at Assets/Scripts/Player.cs:23)

2020-01-31 23:34:25.3913 [ERROR] NullReferenceException: Object reference not set to an instance of an object
Player.RotatePlayerTowardsMouse () (at Assets/Scripts/Player.cs:65)
Player.Update () (at Assets/Scripts/Player.cs:23)

2020-01-31 23:34:25.4053 [ERROR] NullReferenceException: Object reference not set to an instance of an object
Player.RotatePlayerTowardsMouse () (at Assets/Scripts/Player.cs:65)
Player.Update () (at Assets/Scripts/Player.cs:23)

2020-01-31 23:34:25.4192 [ERROR] NullReferenceException: Object reference not set to an instance of an object
Player.RotatePlayerTowardsMouse () (at Assets/Scripts/Player.cs:65)
Player.Update () (at Assets/Scripts/Player.cs:23)

2020-01-31 23:34:25.4330 [ERROR] NullReferenceException: Object reference not set to an instance of an object
Player.RotatePlayerTowardsMouse () (at Assets/Scripts/Player.cs:65)
Player.Update () (at Assets/Scripts/Player.cs:23)

2020-01-31 23:34:25.4490 [ERROR] NullReferenceException: Object reference not set to an instance of an object
Player.RotatePlayerTowardsMouse () (at Assets/Scripts/Player.cs:65)
Player.Update () (at Assets/Scripts/Player.cs:23)

2020-01-31 23:34:25.4619 [ERROR] NullReferenceException: Object reference not set to an instance of an object
Player.RotatePlayerTowardsMouse () (at Assets/Scripts/Player.cs:65)
Player.Update () (at Assets/Scripts/Player.cs:23)

2020-01-31 23:34:25.4759 [ERROR] NullReferenceException: Object reference not set to an instance of an object
Player.RotatePlayerTowardsMouse () (at Assets/Scripts/Player.cs:65)
Player.Update () (at Assets/Scripts/Player.cs:23)

2020-01-31 23:34:25.4908 [ERROR] NullReferenceException: Object reference not set to an instance of an object
Player.RotatePlayerTowardsMouse () (at Assets/Scripts/Player.cs:65)
Player.Update () (at Assets/Scripts/Player.cs:23)

2020-01-31 23:34:25.5038 [ERROR] NullReferenceException: Object reference not set to an instance of an object
Player.RotatePlayerTowardsMouse () (at Assets/Scripts/Player.cs:65)
Player.Update () (at Assets/Scripts/Player.cs:23)

2020-01-31 23:34:25.5168 [ERROR] NullReferenceException: Object reference not set to an instance of an object
Player.RotatePlayerTowardsMouse () (at Assets/Scripts/Player.cs:65)
Player.Update () (at Assets/Scripts/Player.cs:23)

2020-01-31 23:34:25.5267 [ERROR] NullReferenceException: Object reference not set to an instance of an object
Player.RotatePlayerTowardsMouse () (at Assets/Scripts/Player.cs:65)
Player.Update () (at Assets/Scripts/Player.cs:23)

2020-01-31 23:34:25.5367 [ERROR] NullReferenceException: Object reference not set to an instance of an object
Player.RotatePlayerTowardsMouse () (at Assets/Scripts/Player.cs:65)
Player.Update () (at Assets/Scripts/Player.cs:23)

2020-01-31 23:34:25.5457 [ERROR] NullReferenceException: Object reference not set to an instance of an object
Player.RotatePlayerTowardsMouse () (at Assets/Scripts/Player.cs:65)
Player.Update () (at Assets/Scripts/Player.cs:23)

2020-01-31 23:34:25.5567 [ERROR] NullReferenceException: Object reference not set to an instance of an object
Player.RotatePlayerTowardsMouse () (at Assets/Scripts/Player.cs:65)
Player.Update () (at Assets/Scripts/Player.cs:23)

2020-01-31 23:34:25.5696 [ERROR] NullReferenceException: Object reference not set to an instance of an object
Player.RotatePlayerTowardsMouse () (at Assets/Scripts/Player.cs:65)
Player.Update () (at Assets/Scripts/Player.cs:23)

2020-01-31 23:34:25.5836 [ERROR] NullReferenceException: Object reference not set to an instance of an object
Player.RotatePlayerTowardsMouse () (at Assets/Scripts/Player.cs:65)
Player.Update () (at Assets/Scripts/Player.cs:23)

2020-01-31 23:34:25.5966 [ERROR] NullReferenceException: Object reference not set to an instance of an object
Player.RotatePlayerTowardsMouse () (at Assets/Scripts/Player.cs:65)
Player.Update () (at Assets/Scripts/Player.cs:23)

2020-01-31 23:34:25.6115 [ERROR] NullReferenceException: Object reference not set to an instance of an object
Player.RotatePlayerTowardsMouse () (at Assets/Scripts/Player.cs:65)
Player.Update () (at Assets/Scripts/Player.cs:23)

2020-01-31 23:34:25.6245 [ERROR] NullReferenceException: Object reference not set to an instance of an object
Player.RotatePlayerTowardsMouse () (at Assets/Scripts/Player.cs:65)
Player.Update () (at Assets/Scripts/Player.cs:23)

2020-01-31 23:34:25.6404 [ERROR] NullReferenceException: Object reference not set to an instance of an object
Player.RotatePlayerTowardsMouse () (at Assets/Scripts/Player.cs:65)
Player.Update () (at Assets/Scripts/Player.cs:23)

2020-01-31 23:34:25.6544 [ERROR] NullReferenceException: Object reference not set to an instance of an object
Player.RotatePlayerTowardsMouse () (at Assets/Scripts/Player.cs:65)
Player.Update () (at Assets/Scripts/Player.cs:23)

2020-01-31 23:34:25.6694 [ERROR] NullReferenceException: Object reference not set to an instance of an object
Player.RotatePlayerTowardsMouse () (at Assets/Scripts/Player.cs:65)
Player.Update () (at Assets/Scripts/Player.cs:23)

2020-01-31 23:34:25.6873 [ERROR] NullReferenceException: Object reference not set to an instance of an object
Player.RotatePlayerTowardsMouse () (at Assets/Scripts/Player.cs:65)
Player.Update () (at Assets/Scripts/Player.cs:23)

2020-01-31 23:34:25.6983 [ERROR] NullReferenceException: Object reference not set to an instance of an object
Player.RotatePlayerTowardsMouse () (at Assets/Scripts/Player.cs:65)
Player.Update () (at Assets/Scripts/Player.cs:23)

2020-01-31 23:34:25.7103 [ERROR] NullReferenceException: Object reference not set to an instance of an object
Player.RotatePlayerTowardsMouse () (at Assets/Scripts/Player.cs:65)
Player.Update () (at Assets/Scripts/Player.cs:23)

2020-01-31 23:34:25.7222 [ERROR] NullReferenceException: Object reference not set to an instance of an object
Player.RotatePlayerTowardsMouse () (at Assets/Scripts/Player.cs:65)
Player.Update () (at Assets/Scripts/Player.cs:23)

2020-01-31 23:34:25.7348 [ERROR] NullReferenceException: Object reference not set to an instance of an object
Player.RotatePlayerTowardsMouse () (at Assets/Scripts/Player.cs:65)
Player.Update () (at Assets/Scripts/Player.cs:23)

2020-01-31 23:34:25.7487 [ERROR] NullReferenceException: Object reference not set to an instance of an object
Player.RotatePlayerTowardsMouse () (at Assets/Scripts/Player.cs:65)
Player.Update () (at Assets/Scripts/Player.cs:23)

2020-01-31 23:34:25.7677 [ERROR] NullReferenceException: Object reference not set to an instance of an object
Player.RotatePlayerTowardsMouse () (at Assets/Scripts/Player.cs:65)
Player.Update () (at Assets/Scripts/Player.cs:23)

2020-01-31 23:34:25.7786 [ERROR] NullReferenceException: Object reference not set to an instance of an object
Player.RotatePlayerTowardsMouse () (at Assets/Scripts/Player.cs:65)
Player.Update () (at Assets/Scripts/Player.cs:23)

2020-01-31 23:34:25.7916 [ERROR] NullReferenceException: Object reference not set to an instance of an object
Player.RotatePlayerTowardsMouse () (at Assets/Scripts/Player.cs:65)
Player.Update () (at Assets/Scripts/Player.cs:23)

2020-01-31 23:34:25.8016 [ERROR] NullReferenceException: Object reference not set to an instance of an object
Player.RotatePlayerTowardsMouse () (at Assets/Scripts/Player.cs:65)
Player.Update () (at Assets/Scripts/Player.cs:23)

2020-01-31 23:34:25.8126 [ERROR] NullReferenceException: Object reference not set to an instance of an object
Player.RotatePlayerTowardsMouse () (at Assets/Scripts/Player.cs:65)
Player.Update () (at Assets/Scripts/Player.cs:23)

2020-01-31 23:34:25.8236 [ERROR] NullReferenceException: Object reference not set to an instance of an object
Player.RotatePlayerTowardsMouse () (at Assets/Scripts/Player.cs:65)
Player.Update () (at Assets/Scripts/Player.cs:23)

2020-01-31 23:34:25.8345 [ERROR] NullReferenceException: Object reference not set to an instance of an object
Player.RotatePlayerTowardsMouse () (at Assets/Scripts/Player.cs:65)
Player.Update () (at Assets/Scripts/Player.cs:23)

2020-01-31 23:34:25.8445 [ERROR] NullReferenceException: Object reference not set to an instance of an object
Player.RotatePlayerTowardsMouse () (at Assets/Scripts/Player.cs:65)
Player.Update () (at Assets/Scripts/Player.cs:23)

2020-01-31 23:34:25.8574 [ERROR] NullReferenceException: Object reference not set to an instance of an object
Player.RotatePlayerTowardsMouse () (at Assets/Scripts/Player.cs:65)
Player.Update () (at Assets/Scripts/Player.cs:23)

2020-01-31 23:34:25.8674 [ERROR] NullReferenceException: Object reference not set to an instance of an object
Player.RotatePlayerTowardsMouse () (at Assets/Scripts/Player.cs:65)
Player.Update () (at Assets/Scripts/Player.cs:23)

2020-01-31 23:34:25.8774 [ERROR] NullReferenceException: Object reference not set to an instance of an object
Player.RotatePlayerTowardsMouse () (at Assets/Scripts/Player.cs:65)
Player.Update () (at Assets/Scripts/Player.cs:23)

2020-01-31 23:34:25.8873 [ERROR] NullReferenceException: Object reference not set to an instance of an object
Player.RotatePlayerTowardsMouse () (at Assets/Scripts/Player.cs:65)
Player.Update () (at Assets/Scripts/Player.cs:23)

2020-01-31 23:34:25.8953 [ERROR] NullReferenceException: Object reference not set to an instance of an object
Player.RotatePlayerTowardsMouse () (at Assets/Scripts/Player.cs:65)
Player.Update () (at Assets/Scripts/Player.cs:23)

2020-01-31 23:34:25.9053 [ERROR] NullReferenceException: Object reference not set to an instance of an object
Player.RotatePlayerTowardsMouse () (at Assets/Scripts/Player.cs:65)
Player.Update () (at Assets/Scripts/Player.cs:23)

2020-01-31 23:34:25.9153 [ERROR] NullReferenceException: Object reference not set to an instance of an object
Player.RotatePlayerTowardsMouse () (at Assets/Scripts/Player.cs:65)
Player.Update () (at Assets/Scripts/Player.cs:23)

2020-01-31 23:34:25.9252 [ERROR] NullReferenceException: Object reference not set to an instance of an object
Player.RotatePlayerTowardsMouse () (at Assets/Scripts/Player.cs:65)
Player.Update () (at Assets/Scripts/Player.cs:23)

2020-01-31 23:34:25.9352 [ERROR] NullReferenceException: Object reference not set to an instance of an object
Player.RotatePlayerTowardsMouse () (at Assets/Scripts/Player.cs:65)
Player.Update () (at Assets/Scripts/Player.cs:23)

2020-01-31 23:34:25.9442 [ERROR] NullReferenceException: Object reference not set to an instance of an object
Player.RotatePlayerTowardsMouse () (at Assets/Scripts/Player.cs:65)
Player.Update () (at Assets/Scripts/Player.cs:23)

2020-01-31 23:34:25.9542 [ERROR] NullReferenceException: Object reference not set to an instance of an object
Player.RotatePlayerTowardsMouse () (at Assets/Scripts/Player.cs:65)
Player.Update () (at Assets/Scripts/Player.cs:23)

2020-01-31 23:34:25.9651 [ERROR] NullReferenceException: Object reference not set to an instance of an object
Player.RotatePlayerTowardsMouse () (at Assets/Scripts/Player.cs:65)
Player.Update () (at Assets/Scripts/Player.cs:23)

2020-01-31 23:34:25.9741 [ERROR] NullReferenceException: Object reference not set to an instance of an object
Player.RotatePlayerTowardsMouse () (at Assets/Scripts/Player.cs:65)
Player.Update () (at Assets/Scripts/Player.cs:23)

2020-01-31 23:34:25.9841 [ERROR] NullReferenceException: Object reference not set to an instance of an object
Player.RotatePlayerTowardsMouse () (at Assets/Scripts/Player.cs:65)
Player.Update () (at Assets/Scripts/Player.cs:23)

2020-01-31 23:34:25.9941 [ERROR] NullReferenceException: Object reference not set to an instance of an object
Player.RotatePlayerTowardsMouse () (at Assets/Scripts/Player.cs:65)
Player.Update () (at Assets/Scripts/Player.cs:23)

2020-01-31 23:34:26.0040 [ERROR] NullReferenceException: Object reference not set to an instance of an object
Player.RotatePlayerTowardsMouse () (at Assets/Scripts/Player.cs:65)
Player.Update () (at Assets/Scripts/Player.cs:23)

2020-01-31 23:34:26.0170 [ERROR] NullReferenceException: Object reference not set to an instance of an object
Player.RotatePlayerTowardsMouse () (at Assets/Scripts/Player.cs:65)
Player.Update () (at Assets/Scripts/Player.cs:23)

2020-01-31 23:34:26.0290 [ERROR] NullReferenceException: Object reference not set to an instance of an object
Player.RotatePlayerTowardsMouse () (at Assets/Scripts/Player.cs:65)
Player.Update () (at Assets/Scripts/Player.cs:23)

2020-01-31 23:34:26.0399 [ERROR] NullReferenceException: Object reference not set to an instance of an object
Player.RotatePlayerTowardsMouse () (at Assets/Scripts/Player.cs:65)
Player.Update () (at Assets/Scripts/Player.cs:23)

2020-01-31 23:34:26.0519 [ERROR] NullReferenceException: Object reference not set to an instance of an object
Player.RotatePlayerTowardsMouse () (at Assets/Scripts/Player.cs:65)
Player.Update () (at Assets/Scripts/Player.cs:23)

2020-01-31 23:34:26.0609 [ERROR] NullReferenceException: Object reference not set to an instance of an object
Player.RotatePlayerTowardsMouse () (at Assets/Scripts/Player.cs:65)
Player.Update () (at Assets/Scripts/Player.cs:23)

2020-01-31 23:34:26.0719 [ERROR] NullReferenceException: Object reference not set to an instance of an object
Player.RotatePlayerTowardsMouse () (at Assets/Scripts/Player.cs:65)
Player.Update () (at Assets/Scripts/Player.cs:23)

2020-01-31 23:34:26.0818 [ERROR] NullReferenceException: Object reference not set to an instance of an object
Player.RotatePlayerTowardsMouse () (at Assets/Scripts/Player.cs:65)
Player.Update () (at Assets/Scripts/Player.cs:23)

2020-01-31 23:34:26.0918 [ERROR] NullReferenceException: Object reference not set to an instance of an object
Player.RotatePlayerTowardsMouse () (at Assets/Scripts/Player.cs:65)
Player.Update () (at Assets/Scripts/Player.cs:23)

2020-01-31 23:34:26.1018 [ERROR] NullReferenceException: Object reference not set to an instance of an object
Player.RotatePlayerTowardsMouse () (at Assets/Scripts/Player.cs:65)
Player.Update () (at Assets/Scripts/Player.cs:23)

2020-01-31 23:34:26.1117 [ERROR] NullReferenceException: Object reference not set to an instance of an object
Player.RotatePlayerTowardsMouse () (at Assets/Scripts/Player.cs:65)
Player.Update () (at Assets/Scripts/Player.cs:23)

2020-01-31 23:34:26.1237 [ERROR] NullReferenceException: Object reference not set to an instance of an object
Player.RotatePlayerTowardsMouse () (at Assets/Scripts/Player.cs:65)
Player.Update () (at Assets/Scripts/Player.cs:23)

2020-01-31 23:34:26.1347 [ERROR] NullReferenceException: Object reference not set to an instance of an object
Player.RotatePlayerTowardsMouse () (at Assets/Scripts/Player.cs:65)
Player.Update () (at Assets/Scripts/Player.cs:23)

2020-01-31 23:34:26.1457 [ERROR] NullReferenceException: Object reference not set to an instance of an object
Player.RotatePlayerTowardsMouse () (at Assets/Scripts/Player.cs:65)
Player.Update () (at Assets/Scripts/Player.cs:23)

2020-01-31 23:34:26.1556 [ERROR] NullReferenceException: Object reference not set to an instance of an object
Player.RotatePlayerTowardsMouse () (at Assets/Scripts/Player.cs:65)
Player.Update () (at Assets/Scripts/Player.cs:23)

2020-01-31 23:34:26.1656 [ERROR] NullReferenceException: Object reference not set to an instance of an object
Player.RotatePlayerTowardsMouse () (at Assets/Scripts/Player.cs:65)
Player.Update () (at Assets/Scripts/Player.cs:23)

2020-01-31 23:34:26.1756 [ERROR] NullReferenceException: Object reference not set to an instance of an object
Player.RotatePlayerTowardsMouse () (at Assets/Scripts/Player.cs:65)
Player.Update () (at Assets/Scripts/Player.cs:23)

2020-01-31 23:34:26.1855 [ERROR] NullReferenceException: Object reference not set to an instance of an object
Player.RotatePlayerTowardsMouse () (at Assets/Scripts/Player.cs:65)
Player.Update () (at Assets/Scripts/Player.cs:23)

2020-01-31 23:34:26.1955 [ERROR] NullReferenceException: Object reference not set to an instance of an object
Player.RotatePlayerTowardsMouse () (at Assets/Scripts/Player.cs:65)
Player.Update () (at Assets/Scripts/Player.cs:23)

2020-01-31 23:34:26.2055 [ERROR] NullReferenceException: Object reference not set to an instance of an object
Player.RotatePlayerTowardsMouse () (at Assets/Scripts/Player.cs:65)
Player.Update () (at Assets/Scripts/Player.cs:23)

2020-01-31 23:34:26.2155 [ERROR] NullReferenceException: Object reference not set to an instance of an object
Player.RotatePlayerTowardsMouse () (at Assets/Scripts/Player.cs:65)
Player.Update () (at Assets/Scripts/Player.cs:23)

2020-01-31 23:34:26.2254 [ERROR] NullReferenceException: Object reference not set to an instance of an object
Player.RotatePlayerTowardsMouse () (at Assets/Scripts/Player.cs:65)
Player.Update () (at Assets/Scripts/Player.cs:23)

2020-01-31 23:34:26.2354 [ERROR] NullReferenceException: Object reference not set to an instance of an object
Player.RotatePlayerTowardsMouse () (at Assets/Scripts/Player.cs:65)
Player.Update () (at Assets/Scripts/Player.cs:23)

2020-01-31 23:34:26.2484 [ERROR] NullReferenceException: Object reference not set to an instance of an object
Player.RotatePlayerTowardsMouse () (at Assets/Scripts/Player.cs:65)
Player.Update () (at Assets/Scripts/Player.cs:23)

2020-01-31 23:34:26.2594 [ERROR] NullReferenceException: Object reference not set to an instance of an object
Player.RotatePlayerTowardsMouse () (at Assets/Scripts/Player.cs:65)
Player.Update () (at Assets/Scripts/Player.cs:23)

2020-01-31 23:34:26.2713 [ERROR] NullReferenceException: Object reference not set to an instance of an object
Player.RotatePlayerTowardsMouse () (at Assets/Scripts/Player.cs:65)
Player.Update () (at Assets/Scripts/Player.cs:23)

2020-01-31 23:34:26.2823 [ERROR] NullReferenceException: Object reference not set to an instance of an object
Player.RotatePlayerTowardsMouse () (at Assets/Scripts/Player.cs:65)
Player.Update () (at Assets/Scripts/Player.cs:23)

2020-01-31 23:34:26.2933 [ERROR] NullReferenceException: Object reference not set to an instance of an object
Player.RotatePlayerTowardsMouse () (at Assets/Scripts/Player.cs:65)
Player.Update () (at Assets/Scripts/Player.cs:23)

2020-01-31 23:34:26.3102 [ERROR] NullReferenceException: Object reference not set to an instance of an object
Player.RotatePlayerTowardsMouse () (at Assets/Scripts/Player.cs:65)
Player.Update () (at Assets/Scripts/Player.cs:23)

2020-01-31 23:34:26.3212 [ERROR] NullReferenceException: Object reference not set to an instance of an object
Player.RotatePlayerTowardsMouse () (at Assets/Scripts/Player.cs:65)
Player.Update () (at Assets/Scripts/Player.cs:23)

2020-01-31 23:34:26.3312 [ERROR] NullReferenceException: Object reference not set to an instance of an object
Player.RotatePlayerTowardsMouse () (at Assets/Scripts/Player.cs:65)
Player.Update () (at Assets/Scripts/Player.cs:23)

2020-01-31 23:34:26.3411 [ERROR] NullReferenceException: Object reference not set to an instance of an object
Player.RotatePlayerTowardsMouse () (at Assets/Scripts/Player.cs:65)
Player.Update () (at Assets/Scripts/Player.cs:23)

2020-01-31 23:34:26.3511 [ERROR] NullReferenceException: Object reference not set to an instance of an object
Player.RotatePlayerTowardsMouse () (at Assets/Scripts/Player.cs:65)
Player.Update () (at Assets/Scripts/Player.cs:23)

2020-01-31 23:34:26.3601 [ERROR] NullReferenceException: Object reference not set to an instance of an object
Player.RotatePlayerTowardsMouse () (at Assets/Scripts/Player.cs:65)
Player.Update () (at Assets/Scripts/Player.cs:23)

2020-01-31 23:34:26.3711 [ERROR] NullReferenceException: Object reference not set to an instance of an object
Player.RotatePlayerTowardsMouse () (at Assets/Scripts/Player.cs:65)
Player.Update () (at Assets/Scripts/Player.cs:23)

2020-01-31 23:34:26.3810 [ERROR] NullReferenceException: Object reference not set to an instance of an object
Player.RotatePlayerTowardsMouse () (at Assets/Scripts/Player.cs:65)
Player.Update () (at Assets/Scripts/Player.cs:23)

2020-01-31 23:34:26.3910 [ERROR] NullReferenceException: Object reference not set to an instance of an object
Player.RotatePlayerTowardsMouse () (at Assets/Scripts/Player.cs:65)
Player.Update () (at Assets/Scripts/Player.cs:23)

2020-01-31 23:34:26.4000 [ERROR] NullReferenceException: Object reference not set to an instance of an object
Player.RotatePlayerTowardsMouse () (at Assets/Scripts/Player.cs:65)
Player.Update () (at Assets/Scripts/Player.cs:23)

2020-01-31 23:34:26.4099 [ERROR] NullReferenceException: Object reference not set to an instance of an object
Player.RotatePlayerTowardsMouse () (at Assets/Scripts/Player.cs:65)
Player.Update () (at Assets/Scripts/Player.cs:23)

2020-01-31 23:34:26.4189 [ERROR] NullReferenceException: Object reference not set to an instance of an object
Player.RotatePlayerTowardsMouse () (at Assets/Scripts/Player.cs:65)
Player.Update () (at Assets/Scripts/Player.cs:23)

2020-01-31 23:34:26.4289 [ERROR] NullReferenceException: Object reference not set to an instance of an object
Player.RotatePlayerTowardsMouse () (at Assets/Scripts/Player.cs:65)
Player.Update () (at Assets/Scripts/Player.cs:23)

2020-01-31 23:34:26.4379 [ERROR] NullReferenceException: Object reference not set to an instance of an object
Player.RotatePlayerTowardsMouse () (at Assets/Scripts/Player.cs:65)
Player.Update () (at Assets/Scripts/Player.cs:23)

2020-01-31 23:34:26.4488 [ERROR] NullReferenceException: Object reference not set to an instance of an object
Player.RotatePlayerTowardsMouse () (at Assets/Scripts/Player.cs:65)
Player.Update () (at Assets/Scripts/Player.cs:23)

2020-01-31 23:34:26.4588 [ERROR] NullReferenceException: Object reference not set to an instance of an object
Player.RotatePlayerTowardsMouse () (at Assets/Scripts/Player.cs:65)
Player.Update () (at Assets/Scripts/Player.cs:23)

2020-01-31 23:34:26.4718 [ERROR] NullReferenceException: Object reference not set to an instance of an object
Player.RotatePlayerTowardsMouse () (at Assets/Scripts/Player.cs:65)
Player.Update () (at Assets/Scripts/Player.cs:23)

2020-01-31 23:34:26.4828 [ERROR] NullReferenceException: Object reference not set to an instance of an object
Player.RotatePlayerTowardsMouse () (at Assets/Scripts/Player.cs:65)
Player.Update () (at Assets/Scripts/Player.cs:23)

2020-01-31 23:34:26.4947 [ERROR] NullReferenceException: Object reference not set to an instance of an object
Player.RotatePlayerTowardsMouse () (at Assets/Scripts/Player.cs:65)
Player.Update () (at Assets/Scripts/Player.cs:23)

2020-01-31 23:34:26.5047 [ERROR] NullReferenceException: Object reference not set to an instance of an object
Player.RotatePlayerTowardsMouse () (at Assets/Scripts/Player.cs:65)
Player.Update () (at Assets/Scripts/Player.cs:23)

2020-01-31 23:34:26.5157 [ERROR] NullReferenceException: Object reference not set to an instance of an object
Player.RotatePlayerTowardsMouse () (at Assets/Scripts/Player.cs:65)
Player.Update () (at Assets/Scripts/Player.cs:23)

2020-01-31 23:34:26.5266 [ERROR] NullReferenceException: Object reference not set to an instance of an object
Player.RotatePlayerTowardsMouse () (at Assets/Scripts/Player.cs:65)
Player.Update () (at Assets/Scripts/Player.cs:23)

2020-01-31 23:34:26.5376 [ERROR] NullReferenceException: Object reference not set to an instance of an object
Player.RotatePlayerTowardsMouse () (at Assets/Scripts/Player.cs:65)
Player.Update () (at Assets/Scripts/Player.cs:23)

2020-01-31 23:34:26.5496 [ERROR] NullReferenceException: Object reference not set to an instance of an object
Player.RotatePlayerTowardsMouse () (at Assets/Scripts/Player.cs:65)
Player.Update () (at Assets/Scripts/Player.cs:23)

2020-01-31 23:34:26.5616 [ERROR] NullReferenceException: Object reference not set to an instance of an object
Player.RotatePlayerTowardsMouse () (at Assets/Scripts/Player.cs:65)
Player.Update () (at Assets/Scripts/Player.cs:23)

2020-01-31 23:34:26.5735 [ERROR] NullReferenceException: Object reference not set to an instance of an object
Player.RotatePlayerTowardsMouse () (at Assets/Scripts/Player.cs:65)
Player.Update () (at Assets/Scripts/Player.cs:23)

2020-01-31 23:34:26.5855 [ERROR] NullReferenceException: Object reference not set to an instance of an object
Player.RotatePlayerTowardsMouse () (at Assets/Scripts/Player.cs:65)
Player.Update () (at Assets/Scripts/Player.cs:23)

2020-01-31 23:34:26.5965 [ERROR] NullReferenceException: Object reference not set to an instance of an object
Player.RotatePlayerTowardsMouse () (at Assets/Scripts/Player.cs:65)
Player.Update () (at Assets/Scripts/Player.cs:23)

2020-01-31 23:34:26.6094 [ERROR] NullReferenceException: Object reference not set to an instance of an object
Player.RotatePlayerTowardsMouse () (at Assets/Scripts/Player.cs:65)
Player.Update () (at Assets/Scripts/Player.cs:23)

2020-01-31 23:34:26.6204 [ERROR] NullReferenceException: Object reference not set to an instance of an object
Player.RotatePlayerTowardsMouse () (at Assets/Scripts/Player.cs:65)
Player.Update () (at Assets/Scripts/Player.cs:23)

2020-01-31 23:34:26.6304 [ERROR] NullReferenceException: Object reference not set to an instance of an object
Player.RotatePlayerTowardsMouse () (at Assets/Scripts/Player.cs:65)
Player.Update () (at Assets/Scripts/Player.cs:23)

2020-01-31 23:34:26.6403 [ERROR] NullReferenceException: Object reference not set to an instance of an object
Player.RotatePlayerTowardsMouse () (at Assets/Scripts/Player.cs:65)
Player.Update () (at Assets/Scripts/Player.cs:23)

2020-01-31 23:34:26.6503 [ERROR] NullReferenceException: Object reference not set to an instance of an object
Player.RotatePlayerTowardsMouse () (at Assets/Scripts/Player.cs:65)
Player.Update () (at Assets/Scripts/Player.cs:23)

2020-01-31 23:34:26.6613 [ERROR] NullReferenceException: Object reference not set to an instance of an object
Player.RotatePlayerTowardsMouse () (at Assets/Scripts/Player.cs:65)
Player.Update () (at Assets/Scripts/Player.cs:23)

2020-01-31 23:34:26.6742 [ERROR] NullReferenceException: Object reference not set to an instance of an object
Player.RotatePlayerTowardsMouse () (at Assets/Scripts/Player.cs:65)
Player.Update () (at Assets/Scripts/Player.cs:23)

2020-01-31 23:34:26.6842 [ERROR] NullReferenceException: Object reference not set to an instance of an object
Player.RotatePlayerTowardsMouse () (at Assets/Scripts/Player.cs:65)
Player.Update () (at Assets/Scripts/Player.cs:23)

2020-01-31 23:34:26.6962 [ERROR] NullReferenceException: Object reference not set to an instance of an object
Player.RotatePlayerTowardsMouse () (at Assets/Scripts/Player.cs:65)
Player.Update () (at Assets/Scripts/Player.cs:23)

2020-01-31 23:34:26.7082 [ERROR] NullReferenceException: Object reference not set to an instance of an object
Player.RotatePlayerTowardsMouse () (at Assets/Scripts/Player.cs:65)
Player.Update () (at Assets/Scripts/Player.cs:23)

2020-01-31 23:34:26.7191 [ERROR] NullReferenceException: Object reference not set to an instance of an object
Player.RotatePlayerTowardsMouse () (at Assets/Scripts/Player.cs:65)
Player.Update () (at Assets/Scripts/Player.cs:23)

2020-01-31 23:34:26.7291 [ERROR] NullReferenceException: Object reference not set to an instance of an object
Player.RotatePlayerTowardsMouse () (at Assets/Scripts/Player.cs:65)
Player.Update () (at Assets/Scripts/Player.cs:23)

2020-01-31 23:34:26.7411 [ERROR] NullReferenceException: Object reference not set to an instance of an object
Player.RotatePlayerTowardsMouse () (at Assets/Scripts/Player.cs:65)
Player.Update () (at Assets/Scripts/Player.cs:23)

2020-01-31 23:34:26.7520 [ERROR] NullReferenceException: Object reference not set to an instance of an object
Player.RotatePlayerTowardsMouse () (at Assets/Scripts/Player.cs:65)
Player.Update () (at Assets/Scripts/Player.cs:23)

2020-01-31 23:34:26.7640 [ERROR] NullReferenceException: Object reference not set to an instance of an object
Player.RotatePlayerTowardsMouse () (at Assets/Scripts/Player.cs:65)
Player.Update () (at Assets/Scripts/Player.cs:23)

2020-01-31 23:34:26.7760 [ERROR] NullReferenceException: Object reference not set to an instance of an object
Player.RotatePlayerTowardsMouse () (at Assets/Scripts/Player.cs:65)
Player.Update () (at Assets/Scripts/Player.cs:23)

2020-01-31 23:34:26.7859 [ERROR] NullReferenceException: Object reference not set to an instance of an object
Player.RotatePlayerTowardsMouse () (at Assets/Scripts/Player.cs:65)
Player.Update () (at Assets/Scripts/Player.cs:23)

2020-01-31 23:34:26.7969 [ERROR] NullReferenceException: Object reference not set to an instance of an object
Player.RotatePlayerTowardsMouse () (at Assets/Scripts/Player.cs:65)
Player.Update () (at Assets/Scripts/Player.cs:23)

2020-01-31 23:34:26.8119 [ERROR] NullReferenceException: Object reference not set to an instance of an object
Player.RotatePlayerTowardsMouse () (at Assets/Scripts/Player.cs:65)
Player.Update () (at Assets/Scripts/Player.cs:23)

2020-01-31 23:34:26.8259 [ERROR] NullReferenceException: Object reference not set to an instance of an object
Player.RotatePlayerTowardsMouse () (at Assets/Scripts/Player.cs:65)
Player.Update () (at Assets/Scripts/Player.cs:23)

2020-01-31 23:34:26.8368 [ERROR] NullReferenceException: Object reference not set to an instance of an object
Player.RotatePlayerTowardsMouse () (at Assets/Scripts/Player.cs:65)
Player.Update () (at Assets/Scripts/Player.cs:23)

2020-01-31 23:34:26.8488 [ERROR] NullReferenceException: Object reference not set to an instance of an object
Player.RotatePlayerTowardsMouse () (at Assets/Scripts/Player.cs:65)
Player.Update () (at Assets/Scripts/Player.cs:23)

2020-01-31 23:34:26.8707 [ERROR] NullReferenceException: Object reference not set to an instance of an object
Player.RotatePlayerTowardsMouse () (at Assets/Scripts/Player.cs:65)
Player.Update () (at Assets/Scripts/Player.cs:23)

2020-01-31 23:34:26.8857 [ERROR] NullReferenceException: Object reference not set to an instance of an object
Player.RotatePlayerTowardsMouse () (at Assets/Scripts/Player.cs:65)
Player.Update () (at Assets/Scripts/Player.cs:23)

2020-01-31 23:34:26.9006 [ERROR] NullReferenceException: Object reference not set to an instance of an object
Player.RotatePlayerTowardsMouse () (at Assets/Scripts/Player.cs:65)
Player.Update () (at Assets/Scripts/Player.cs:23)

2020-01-31 23:34:26.9156 [ERROR] NullReferenceException: Object reference not set to an instance of an object
Player.RotatePlayerTowardsMouse () (at Assets/Scripts/Player.cs:65)
Player.Update () (at Assets/Scripts/Player.cs:23)

2020-01-31 23:34:26.9306 [ERROR] NullReferenceException: Object reference not set to an instance of an object
Player.RotatePlayerTowardsMouse () (at Assets/Scripts/Player.cs:65)
Player.Update () (at Assets/Scripts/Player.cs:23)

2020-01-31 23:34:26.9455 [ERROR] NullReferenceException: Object reference not set to an instance of an object
Player.RotatePlayerTowardsMouse () (at Assets/Scripts/Player.cs:65)
Player.Update () (at Assets/Scripts/Player.cs:23)

2020-01-31 23:34:26.9605 [ERROR] NullReferenceException: Object reference not set to an instance of an object
Player.RotatePlayerTowardsMouse () (at Assets/Scripts/Player.cs:65)
Player.Update () (at Assets/Scripts/Player.cs:23)

2020-01-31 23:34:26.9764 [ERROR] NullReferenceException: Object reference not set to an instance of an object
Player.RotatePlayerTowardsMouse () (at Assets/Scripts/Player.cs:65)
Player.Update () (at Assets/Scripts/Player.cs:23)

2020-01-31 23:34:26.9914 [ERROR] NullReferenceException: Object reference not set to an instance of an object
Player.RotatePlayerTowardsMouse () (at Assets/Scripts/Player.cs:65)
Player.Update () (at Assets/Scripts/Player.cs:23)

2020-01-31 23:34:27.0044 [ERROR] NullReferenceException: Object reference not set to an instance of an object
Player.RotatePlayerTowardsMouse () (at Assets/Scripts/Player.cs:65)
Player.Update () (at Assets/Scripts/Player.cs:23)

2020-01-31 23:34:27.0183 [ERROR] NullReferenceException: Object reference not set to an instance of an object
Player.RotatePlayerTowardsMouse () (at Assets/Scripts/Player.cs:65)
Player.Update () (at Assets/Scripts/Player.cs:23)

2020-01-31 23:34:27.0333 [ERROR] NullReferenceException: Object reference not set to an instance of an object
Player.RotatePlayerTowardsMouse () (at Assets/Scripts/Player.cs:65)
Player.Update () (at Assets/Scripts/Player.cs:23)

2020-01-31 23:34:27.0462 [ERROR] NullReferenceException: Object reference not set to an instance of an object
Player.RotatePlayerTowardsMouse () (at Assets/Scripts/Player.cs:65)
Player.Update () (at Assets/Scripts/Player.cs:23)

2020-01-31 23:34:27.0612 [ERROR] NullReferenceException: Object reference not set to an instance of an object
Player.RotatePlayerTowardsMouse () (at Assets/Scripts/Player.cs:65)
Player.Update () (at Assets/Scripts/Player.cs:23)

2020-01-31 23:34:27.0722 [ERROR] NullReferenceException: Object reference not set to an instance of an object
Player.RotatePlayerTowardsMouse () (at Assets/Scripts/Player.cs:65)
Player.Update () (at Assets/Scripts/Player.cs:23)

2020-01-31 23:34:27.0831 [ERROR] NullReferenceException: Object reference not set to an instance of an object
Player.RotatePlayerTowardsMouse () (at Assets/Scripts/Player.cs:65)
Player.Update () (at Assets/Scripts/Player.cs:23)

2020-01-31 23:34:27.0931 [ERROR] NullReferenceException: Object reference not set to an instance of an object
Player.RotatePlayerTowardsMouse () (at Assets/Scripts/Player.cs:65)
Player.Update () (at Assets/Scripts/Player.cs:23)

2020-01-31 23:34:27.1041 [ERROR] NullReferenceException: Object reference not set to an instance of an object
Player.RotatePlayerTowardsMouse () (at Assets/Scripts/Player.cs:65)
Player.Update () (at Assets/Scripts/Player.cs:23)

2020-01-31 23:34:27.1151 [ERROR] NullReferenceException: Object reference not set to an instance of an object
Player.RotatePlayerTowardsMouse () (at Assets/Scripts/Player.cs:65)
Player.Update () (at Assets/Scripts/Player.cs:23)

2020-01-31 23:34:27.1250 [ERROR] NullReferenceException: Object reference not set to an instance of an object
Player.RotatePlayerTowardsMouse () (at Assets/Scripts/Player.cs:65)
Player.Update () (at Assets/Scripts/Player.cs:23)

2020-01-31 23:34:27.1350 [ERROR] NullReferenceException: Object reference not set to an instance of an object
Player.RotatePlayerTowardsMouse () (at Assets/Scripts/Player.cs:65)
Player.Update () (at Assets/Scripts/Player.cs:23)

2020-01-31 23:34:27.1477 [ERROR] NullReferenceException: Object reference not set to an instance of an object
Player.RotatePlayerTowardsMouse () (at Assets/Scripts/Player.cs:65)
Player.Update () (at Assets/Scripts/Player.cs:23)

2020-01-31 23:34:27.1576 [ERROR] NullReferenceException: Object reference not set to an instance of an object
Player.RotatePlayerTowardsMouse () (at Assets/Scripts/Player.cs:65)
Player.Update () (at Assets/Scripts/Player.cs:23)

2020-01-31 23:34:27.1696 [ERROR] NullReferenceException: Object reference not set to an instance of an object
Player.RotatePlayerTowardsMouse () (at Assets/Scripts/Player.cs:65)
Player.Update () (at Assets/Scripts/Player.cs:23)

2020-01-31 23:34:27.1806 [ERROR] NullReferenceException: Object reference not set to an instance of an object
Player.RotatePlayerTowardsMouse () (at Assets/Scripts/Player.cs:65)
Player.Update () (at Assets/Scripts/Player.cs:23)

2020-01-31 23:34:27.1915 [ERROR] NullReferenceException: Object reference not set to an instance of an object
Player.RotatePlayerTowardsMouse () (at Assets/Scripts/Player.cs:65)
Player.Update () (at Assets/Scripts/Player.cs:23)

2020-01-31 23:34:27.2025 [ERROR] NullReferenceException: Object reference not set to an instance of an object
Player.RotatePlayerTowardsMouse () (at Assets/Scripts/Player.cs:65)
Player.Update () (at Assets/Scripts/Player.cs:23)

2020-01-31 23:34:27.2125 [ERROR] NullReferenceException: Object reference not set to an instance of an object
Player.RotatePlayerTowardsMouse () (at Assets/Scripts/Player.cs:65)
Player.Update () (at Assets/Scripts/Player.cs:23)

2020-01-31 23:34:27.2225 [ERROR] NullReferenceException: Object reference not set to an instance of an object
Player.RotatePlayerTowardsMouse () (at Assets/Scripts/Player.cs:65)
Player.Update () (at Assets/Scripts/Player.cs:23)

2020-01-31 23:34:27.2334 [ERROR] NullReferenceException: Object reference not set to an instance of an object
Player.RotatePlayerTowardsMouse () (at Assets/Scripts/Player.cs:65)
Player.Update () (at Assets/Scripts/Player.cs:23)

2020-01-31 23:34:27.2434 [ERROR] NullReferenceException: Object reference not set to an instance of an object
Player.RotatePlayerTowardsMouse () (at Assets/Scripts/Player.cs:65)
Player.Update () (at Assets/Scripts/Player.cs:23)

2020-01-31 23:34:27.2534 [ERROR] NullReferenceException: Object reference not set to an instance of an object
Player.RotatePlayerTowardsMouse () (at Assets/Scripts/Player.cs:65)
Player.Update () (at Assets/Scripts/Player.cs:23)

2020-01-31 23:34:27.2644 [ERROR] NullReferenceException: Object reference not set to an instance of an object
Player.RotatePlayerTowardsMouse () (at Assets/Scripts/Player.cs:65)
Player.Update () (at Assets/Scripts/Player.cs:23)

2020-01-31 23:34:27.2753 [ERROR] NullReferenceException: Object reference not set to an instance of an object
Player.RotatePlayerTowardsMouse () (at Assets/Scripts/Player.cs:65)
Player.Update () (at Assets/Scripts/Player.cs:23)

2020-01-31 23:34:27.2853 [ERROR] NullReferenceException: Object reference not set to an instance of an object
Player.RotatePlayerTowardsMouse () (at Assets/Scripts/Player.cs:65)
Player.Update () (at Assets/Scripts/Player.cs:23)

2020-01-31 23:34:27.2973 [ERROR] NullReferenceException: Object reference not set to an instance of an object
Player.RotatePlayerTowardsMouse () (at Assets/Scripts/Player.cs:65)
Player.Update () (at Assets/Scripts/Player.cs:23)

2020-01-31 23:34:27.3062 [ERROR] NullReferenceException: Object reference not set to an instance of an object
Player.RotatePlayerTowardsMouse () (at Assets/Scripts/Player.cs:65)
Player.Update () (at Assets/Scripts/Player.cs:23)

2020-01-31 23:34:27.3162 [ERROR] NullReferenceException: Object reference not set to an instance of an object
Player.RotatePlayerTowardsMouse () (at Assets/Scripts/Player.cs:65)
Player.Update () (at Assets/Scripts/Player.cs:23)

2020-01-31 23:34:27.3252 [ERROR] NullReferenceException: Object reference not set to an instance of an object
Player.RotatePlayerTowardsMouse () (at Assets/Scripts/Player.cs:65)
Player.Update () (at Assets/Scripts/Player.cs:23)

2020-01-31 23:34:27.3352 [ERROR] NullReferenceException: Object reference not set to an instance of an object
Player.RotatePlayerTowardsMouse () (at Assets/Scripts/Player.cs:65)
Player.Update () (at Assets/Scripts/Player.cs:23)

2020-01-31 23:34:27.3451 [ERROR] NullReferenceException: Object reference not set to an instance of an object
Player.RotatePlayerTowardsMouse () (at Assets/Scripts/Player.cs:65)
Player.Update () (at Assets/Scripts/Player.cs:23)

2020-01-31 23:34:27.3581 [ERROR] NullReferenceException: Object reference not set to an instance of an object
Player.RotatePlayerTowardsMouse () (at Assets/Scripts/Player.cs:65)
Player.Update () (at Assets/Scripts/Player.cs:23)

2020-01-31 23:34:27.3701 [ERROR] NullReferenceException: Object reference not set to an instance of an object
Player.RotatePlayerTowardsMouse () (at Assets/Scripts/Player.cs:65)
Player.Update () (at Assets/Scripts/Player.cs:23)

2020-01-31 23:34:27.3800 [ERROR] NullReferenceException: Object reference not set to an instance of an object
Player.RotatePlayerTowardsMouse () (at Assets/Scripts/Player.cs:65)
Player.Update () (at Assets/Scripts/Player.cs:23)

2020-01-31 23:34:27.3900 [ERROR] NullReferenceException: Object reference not set to an instance of an object
Player.RotatePlayerTowardsMouse () (at Assets/Scripts/Player.cs:65)
Player.Update () (at Assets/Scripts/Player.cs:23)

2020-01-31 23:34:27.3990 [ERROR] NullReferenceException: Object reference not set to an instance of an object
Player.RotatePlayerTowardsMouse () (at Assets/Scripts/Player.cs:65)
Player.Update () (at Assets/Scripts/Player.cs:23)

2020-01-31 23:34:27.4090 [ERROR] NullReferenceException: Object reference not set to an instance of an object
Player.RotatePlayerTowardsMouse () (at Assets/Scripts/Player.cs:65)
Player.Update () (at Assets/Scripts/Player.cs:23)

2020-01-31 23:34:27.4189 [ERROR] NullReferenceException: Object reference not set to an instance of an object
Player.RotatePlayerTowardsMouse () (at Assets/Scripts/Player.cs:65)
Player.Update () (at Assets/Scripts/Player.cs:23)

2020-01-31 23:34:27.4369 [ERROR] NullReferenceException: Object reference not set to an instance of an object
Player.RotatePlayerTowardsMouse () (at Assets/Scripts/Player.cs:65)
Player.Update () (at Assets/Scripts/Player.cs:23)

2020-01-31 23:34:27.5657 [DEBUG] Play mode: False
2020-01-31 23:37:35.1495 [DEBUG] Scene Fusion version 1.8.6-0
2020-01-31 23:37:35.2991 [DEBUG] Play mode: True, sync in play mode: True
2020-01-31 23:37:58.6629 [DEBUG] Play mode: False
2020-01-31 23:39:01.2272 [DEBUG] Scene Fusion version 1.8.6-0
2020-01-31 23:39:01.4107 [DEBUG] Play mode: True, sync in play mode: True
2020-01-31 23:39:11.3149 [DEBUG] Play mode: False
2020-01-31 23:39:58.1494 [DEBUG] Scene Fusion version 1.8.6-0
2020-01-31 23:40:01.1591 [DEBUG] Scene Fusion version 1.8.6-0
2020-01-31 23:40:01.2942 [DEBUG] Play mode: True, sync in play mode: True
2020-01-31 23:40:08.5166 [DEBUG] Play mode: False
2020-01-31 23:47:54.0560 [DEBUG] Scene Fusion version 1.8.6-0
2020-01-31 23:48:10.3910 [DEBUG] Scene Fusion version 1.8.6-0
2020-01-31 23:48:10.5221 [DEBUG] Play mode: True, sync in play mode: True
2020-01-31 23:48:26.3274 [DEBUG] Play mode: False
2020-01-31 23:49:13.2206 [DEBUG] Scene Fusion version 1.8.6-0
2020-01-31 23:49:23.4800 [DEBUG] Scene Fusion version 1.8.6-0
2020-01-31 23:49:23.5947 [DEBUG] Play mode: True, sync in play mode: True
2020-01-31 23:49:30.6341 [DEBUG] Play mode: False
2020-01-31 23:49:53.9324 [DEBUG] Scene Fusion version 1.8.6-0
2020-01-31 23:49:57.6634 [DEBUG] Scene Fusion version 1.8.6-0
2020-01-31 23:49:57.7880 [DEBUG] Play mode: True, sync in play mode: True
2020-01-31 23:51:16.8071 [DEBUG] Play mode: False
2020-01-31 23:51:55.8865 [DEBUG] Scene Fusion version 1.8.6-0
2020-01-31 23:51:56.0301 [DEBUG] Play mode: True, sync in play mode: True
2020-01-31 23:51:58.6767 [DEBUG] Play mode: False
2020-01-31 23:52:04.3666 [DEBUG] Scene Fusion version 1.8.6-0
2020-01-31 23:52:04.4963 [DEBUG] Play mode: True, sync in play mode: True
2020-01-31 23:52:24.9286 [DEBUG] Play mode: False
2020-01-31 23:54:30.9812 [DEBUG] Scene Fusion version 1.8.6-0
2020-01-31 23:54:31.1624 [DEBUG] Play mode: True, sync in play mode: True
2020-01-31 23:54:53.2614 [DEBUG] Play mode: False
2020-01-31 23:55:02.7827 [DEBUG] Scene Fusion version 1.8.6-0
2020-01-31 23:55:02.8954 [DEBUG] Play mode: True, sync in play mode: True
2020-01-31 23:55:05.7228 [DEBUG] Play mode: False
2020-01-31 23:55:17.5748 [DEBUG] Scene Fusion version 1.8.6-0
2020-01-31 23:55:17.7699 [DEBUG] Play mode: True, sync in play mode: True
2020-01-31 23:55:21.8187 [DEBUG] Play mode: False
2020-01-31 23:56:44.0606 [DEBUG] Scene Fusion version 1.8.6-0
2020-01-31 23:56:44.2547 [DEBUG] Play mode: True, sync in play mode: True
2020-01-31 23:56:59.0403 [DEBUG] Play mode: False
