2020-01-30 17:38:51.4509 [DEBUG] Scene Fusion version 1.8.6-0
2020-01-30 17:38:51.4729 [INFO] Setting define symbol SCENE_FUSION
2020-01-30 17:38:56.9780 [DEBUG] Scene Fusion version 1.8.6-0
2020-01-30 17:45:05.3684 [INFO] Launching Session: SampleScene
2020-01-30 17:45:06.2230 [DEBUG] Connecting
2020-01-30 17:45:06.2549 [DEBUG] Connecting to room (118480:SceneFusion:SceneFusion) via TCP at roommanager-ec2-35-164-71-216.kinematicsoup.com:21312
2020-01-30 18:03:06.1776 [DEBUG] Sent C:/Ludus/Projets Externes/GGJ_2020/KSEditorLogs/SessionLogs/session.118480-637160031063069684.log
2020-01-30 18:04:07.4398 [DEBUG] Scene Fusion version 1.8.6-0
2020-01-30 18:04:16.4910 [DEBUG] Scene Fusion version 1.8.6-0
2020-01-30 18:04:16.5687 [DEBUG] Play mode: True, sync in play mode: True
2020-01-30 18:04:17.7942 [DEBUG] Play mode: False
2020-01-30 18:04:20.9003 [DEBUG] Scene Fusion version 1.8.6-0
2020-01-30 18:04:20.9861 [DEBUG] Play mode: True, sync in play mode: True
2020-01-30 18:04:21.5911 [DEBUG] Play mode: False
2020-01-30 18:05:06.7468 [DEBUG] Scene Fusion version 1.8.6-0
2020-01-30 18:05:09.4326 [DEBUG] Scene Fusion version 1.8.6-0
2020-01-30 18:05:09.5183 [DEBUG] Play mode: True, sync in play mode: True
2020-01-30 18:05:14.9081 [DEBUG] Play mode: False
2020-01-30 18:05:29.2732 [DEBUG] Scene Fusion version 1.8.6-0
2020-01-30 18:05:31.9917 [DEBUG] Scene Fusion version 1.8.6-0
2020-01-30 18:05:32.1174 [DEBUG] Play mode: True, sync in play mode: True
2020-01-30 18:05:40.7870 [DEBUG] Play mode: False
2020-01-30 18:06:15.5592 [DEBUG] Scene Fusion version 1.8.6-0
2020-01-30 18:06:18.5148 [DEBUG] Scene Fusion version 1.8.6-0
2020-01-30 18:06:18.6170 [DEBUG] Play mode: True, sync in play mode: True
2020-01-30 18:06:25.3551 [DEBUG] Play mode: False
2020-01-30 18:09:12.4632 [DEBUG] Scene Fusion version 1.8.6-0
